ARM GAS  C:\Users\Jesper\AppData\Local\Temp\cc2Wu34f.s 			page 1


   1              		.syntax unified
   2              		.cpu cortex-m3
   3              		.fpu softvfp
   4              		.eabi_attribute 20, 1
   5              		.eabi_attribute 21, 1
   6              		.eabi_attribute 23, 3
   7              		.eabi_attribute 24, 1
   8              		.eabi_attribute 25, 1
   9              		.eabi_attribute 26, 1
  10              		.eabi_attribute 30, 1
  11              		.eabi_attribute 34, 1
  12              		.eabi_attribute 18, 4
  13              		.thumb
  14              		.syntax unified
  15              		.file	"cymetadata.c"
  16              		.text
  17              	.Ltext0:
  18              		.cfi_sections	.debug_frame
  19              		.global	cy_metadata
  20              		.global	cy_meta_flashprotect
  21              		.global	cy_meta_wonvl
  22              		.global	cy_meta_custnvl
  23              		.global	cy_meta_configecc
  24              		.section	.cyconfigecc,"a",%progbits
  25              		.align	2
  26              		.type	cy_meta_configecc, %object
  27              		.size	cy_meta_configecc, 2188
  28              	cy_meta_configecc:
  29 0000 01       		.byte	1
  30 0001 4F       		.byte	79
  31 0002 00       		.byte	0
  32 0003 40       		.byte	64
  33 0004 07       		.byte	7
  34 0005 52       		.byte	82
  35 0006 00       		.byte	0
  36 0007 40       		.byte	64
  37 0008 07       		.byte	7
  38 0009 64       		.byte	100
  39 000a 00       		.byte	0
  40 000b 40       		.byte	64
  41 000c 02       		.byte	2
  42 000d 65       		.byte	101
  43 000e 00       		.byte	0
  44 000f 40       		.byte	64
  45 0010 2A       		.byte	42
  46 0011 02       		.byte	2
  47 0012 01       		.byte	1
  48 0013 40       		.byte	64
  49 0014 18       		.byte	24
  50 0015 03       		.byte	3
  51 0016 01       		.byte	1
  52 0017 40       		.byte	64
  53 0018 32       		.byte	50
  54 0019 04       		.byte	4
  55 001a 01       		.byte	1
  56 001b 40       		.byte	64
  57 001c 21       		.byte	33
ARM GAS  C:\Users\Jesper\AppData\Local\Temp\cc2Wu34f.s 			page 2


  58 001d 05       		.byte	5
  59 001e 01       		.byte	1
  60 001f 40       		.byte	64
  61 0020 65       		.byte	101
  62 0021 08       		.byte	8
  63 0022 01       		.byte	1
  64 0023 40       		.byte	64
  65 0024 36       		.byte	54
  66 0025 09       		.byte	9
  67 0026 01       		.byte	1
  68 0027 40       		.byte	64
  69 0028 50       		.byte	80
  70 0029 0A       		.byte	10
  71 002a 01       		.byte	1
  72 002b 40       		.byte	64
  73 002c 2F       		.byte	47
  74 002d 0B       		.byte	11
  75 002e 01       		.byte	1
  76 002f 40       		.byte	64
  77 0030 45       		.byte	69
  78 0031 0C       		.byte	12
  79 0032 01       		.byte	1
  80 0033 40       		.byte	64
  81 0034 1F       		.byte	31
  82 0035 0D       		.byte	13
  83 0036 01       		.byte	1
  84 0037 40       		.byte	64
  85 0038 43       		.byte	67
  86 0039 0E       		.byte	14
  87 003a 01       		.byte	1
  88 003b 40       		.byte	64
  89 003c 1F       		.byte	31
  90 003d 0F       		.byte	15
  91 003e 01       		.byte	1
  92 003f 40       		.byte	64
  93 0040 01       		.byte	1
  94 0041 15       		.byte	21
  95 0042 01       		.byte	1
  96 0043 40       		.byte	64
  97 0044 01       		.byte	1
  98 0045 17       		.byte	23
  99 0046 01       		.byte	1
 100 0047 40       		.byte	64
 101 0048 19       		.byte	25
 102 0049 18       		.byte	24
 103 004a 01       		.byte	1
 104 004b 40       		.byte	64
 105 004c 42       		.byte	66
 106 004d 19       		.byte	25
 107 004e 01       		.byte	1
 108 004f 40       		.byte	64
 109 0050 4B       		.byte	75
 110 0051 1A       		.byte	26
 111 0052 01       		.byte	1
 112 0053 40       		.byte	64
 113 0054 42       		.byte	66
 114 0055 1B       		.byte	27
ARM GAS  C:\Users\Jesper\AppData\Local\Temp\cc2Wu34f.s 			page 3


 115 0056 01       		.byte	1
 116 0057 40       		.byte	64
 117 0058 02       		.byte	2
 118 0059 40       		.byte	64
 119 005a 01       		.byte	1
 120 005b 40       		.byte	64
 121 005c 05       		.byte	5
 122 005d 41       		.byte	65
 123 005e 01       		.byte	1
 124 005f 40       		.byte	64
 125 0060 05       		.byte	5
 126 0061 42       		.byte	66
 127 0062 01       		.byte	1
 128 0063 40       		.byte	64
 129 0064 03       		.byte	3
 130 0065 43       		.byte	67
 131 0066 01       		.byte	1
 132 0067 40       		.byte	64
 133 0068 02       		.byte	2
 134 0069 44       		.byte	68
 135 006a 01       		.byte	1
 136 006b 40       		.byte	64
 137 006c 08       		.byte	8
 138 006d 45       		.byte	69
 139 006e 01       		.byte	1
 140 006f 40       		.byte	64
 141 0070 03       		.byte	3
 142 0071 46       		.byte	70
 143 0072 01       		.byte	1
 144 0073 40       		.byte	64
 145 0074 02       		.byte	2
 146 0075 47       		.byte	71
 147 0076 01       		.byte	1
 148 0077 40       		.byte	64
 149 0078 07       		.byte	7
 150 0079 48       		.byte	72
 151 007a 01       		.byte	1
 152 007b 40       		.byte	64
 153 007c 02       		.byte	2
 154 007d 49       		.byte	73
 155 007e 01       		.byte	1
 156 007f 40       		.byte	64
 157 0080 05       		.byte	5
 158 0081 4C       		.byte	76
 159 0082 01       		.byte	1
 160 0083 40       		.byte	64
 161 0084 08       		.byte	8
 162 0085 4D       		.byte	77
 163 0086 01       		.byte	1
 164 0087 40       		.byte	64
 165 0088 07       		.byte	7
 166 0089 50       		.byte	80
 167 008a 01       		.byte	1
 168 008b 40       		.byte	64
 169 008c 01       		.byte	1
 170 008d 51       		.byte	81
 171 008e 01       		.byte	1
ARM GAS  C:\Users\Jesper\AppData\Local\Temp\cc2Wu34f.s 			page 4


 172 008f 40       		.byte	64
 173 0090 0A       		.byte	10
 174 0091 B1       		.byte	-79
 175 0092 00       		.byte	0
 176 0093 02       		.byte	2
 177 0094 01       		.byte	1
 178 0095 02       		.byte	2
 179 0096 09       		.byte	9
 180 0097 40       		.byte	64
 181 0098 10       		.byte	16
 182 0099 51       		.byte	81
 183 009a 11       		.byte	17
 184 009b 41       		.byte	65
 185 009c 61       		.byte	97
 186 009d 80       		.byte	-128
 187 009e 64       		.byte	100
 188 009f 40       		.byte	64
 189 00a0 82       		.byte	-126
 190 00a1 0D       		.byte	13
 191 00a2 84       		.byte	-124
 192 00a3 0D       		.byte	13
 193 00a4 88       		.byte	-120
 194 00a5 0F       		.byte	15
 195 00a6 8A       		.byte	-118
 196 00a7 0D       		.byte	13
 197 00a8 8B       		.byte	-117
 198 00a9 0D       		.byte	13
 199 00aa 8D       		.byte	-115
 200 00ab 0D       		.byte	13
 201 00ac 8F       		.byte	-113
 202 00ad 0D       		.byte	13
 203 00ae 89       		.byte	-119
 204 00af 38       		.byte	56
 205 00b0 8A       		.byte	-118
 206 00b1 72       		.byte	114
 207 00b2 03       		.byte	3
 208 00b3 02       		.byte	2
 209 00b4 0C       		.byte	12
 210 00b5 01       		.byte	1
 211 00b6 0F       		.byte	15
 212 00b7 01       		.byte	1
 213 00b8 1A       		.byte	26
 214 00b9 07       		.byte	7
 215 00ba 1F       		.byte	31
 216 00bb 01       		.byte	1
 217 00bc 2A       		.byte	42
 218 00bd 04       		.byte	4
 219 00be 30       		.byte	48
 220 00bf 01       		.byte	1
 221 00c0 31       		.byte	49
 222 00c1 02       		.byte	2
 223 00c2 32       		.byte	50
 224 00c3 04       		.byte	4
 225 00c4 33       		.byte	51
 226 00c5 02       		.byte	2
 227 00c6 35       		.byte	53
 228 00c7 01       		.byte	1
ARM GAS  C:\Users\Jesper\AppData\Local\Temp\cc2Wu34f.s 			page 5


 229 00c8 36       		.byte	54
 230 00c9 02       		.byte	2
 231 00ca 3F       		.byte	63
 232 00cb 10       		.byte	16
 233 00cc 40       		.byte	64
 234 00cd 10       		.byte	16
 235 00ce 41       		.byte	65
 236 00cf 05       		.byte	5
 237 00d0 45       		.byte	69
 238 00d1 D1       		.byte	-47
 239 00d2 46       		.byte	70
 240 00d3 02       		.byte	2
 241 00d4 48       		.byte	72
 242 00d5 07       		.byte	7
 243 00d6 49       		.byte	73
 244 00d7 FF       		.byte	-1
 245 00d8 4A       		.byte	74
 246 00d9 FF       		.byte	-1
 247 00da 4B       		.byte	75
 248 00db FF       		.byte	-1
 249 00dc 4D       		.byte	77
 250 00dd A0       		.byte	-96
 251 00de 4F       		.byte	79
 252 00df 04       		.byte	4
 253 00e0 50       		.byte	80
 254 00e1 18       		.byte	24
 255 00e2 52       		.byte	82
 256 00e3 80       		.byte	-128
 257 00e4 54       		.byte	84
 258 00e5 05       		.byte	5
 259 00e6 58       		.byte	88
 260 00e7 04       		.byte	4
 261 00e8 59       		.byte	89
 262 00e9 04       		.byte	4
 263 00ea 5A       		.byte	90
 264 00eb 04       		.byte	4
 265 00ec 5B       		.byte	91
 266 00ed 04       		.byte	4
 267 00ee 5C       		.byte	92
 268 00ef 77       		.byte	119
 269 00f0 5D       		.byte	93
 270 00f1 77       		.byte	119
 271 00f2 5F       		.byte	95
 272 00f3 01       		.byte	1
 273 00f4 60       		.byte	96
 274 00f5 40       		.byte	64
 275 00f6 62       		.byte	98
 276 00f7 C0       		.byte	-64
 277 00f8 64       		.byte	100
 278 00f9 40       		.byte	64
 279 00fa 65       		.byte	101
 280 00fb 40       		.byte	64
 281 00fc 66       		.byte	102
 282 00fd C0       		.byte	-64
 283 00fe 68       		.byte	104
 284 00ff C0       		.byte	-64
 285 0100 6A       		.byte	106
ARM GAS  C:\Users\Jesper\AppData\Local\Temp\cc2Wu34f.s 			page 6


 286 0101 C0       		.byte	-64
 287 0102 6C       		.byte	108
 288 0103 C0       		.byte	-64
 289 0104 6E       		.byte	110
 290 0105 C0       		.byte	-64
 291 0106 05       		.byte	5
 292 0107 40       		.byte	64
 293 0108 0F       		.byte	15
 294 0109 08       		.byte	8
 295 010a 17       		.byte	23
 296 010b 20       		.byte	32
 297 010c 1C       		.byte	28
 298 010d 40       		.byte	64
 299 010e 1D       		.byte	29
 300 010f 40       		.byte	64
 301 0110 1F       		.byte	31
 302 0111 04       		.byte	4
 303 0112 27       		.byte	39
 304 0113 A8       		.byte	-88
 305 0114 37       		.byte	55
 306 0115 80       		.byte	-128
 307 0116 3C       		.byte	60
 308 0117 02       		.byte	2
 309 0118 3F       		.byte	63
 310 0119 80       		.byte	-128
 311 011a 47       		.byte	71
 312 011b 80       		.byte	-128
 313 011c 4F       		.byte	79
 314 011d 89       		.byte	-119
 315 011e 57       		.byte	87
 316 011f 40       		.byte	64
 317 0120 5C       		.byte	92
 318 0121 40       		.byte	64
 319 0122 5F       		.byte	95
 320 0123 09       		.byte	9
 321 0124 74       		.byte	116
 322 0125 01       		.byte	1
 323 0126 C0       		.byte	-64
 324 0127 80       		.byte	-128
 325 0128 C2       		.byte	-62
 326 0129 40       		.byte	64
 327 012a C4       		.byte	-60
 328 012b 40       		.byte	64
 329 012c CC       		.byte	-52
 330 012d 10       		.byte	16
 331 012e CE       		.byte	-50
 332 012f 90       		.byte	-112
 333 0130 D0       		.byte	-48
 334 0131 10       		.byte	16
 335 0132 D2       		.byte	-46
 336 0133 10       		.byte	16
 337 0134 D6       		.byte	-42
 338 0135 D0       		.byte	-48
 339 0136 1B       		.byte	27
 340 0137 01       		.byte	1
 341 0138 1E       		.byte	30
 342 0139 02       		.byte	2
ARM GAS  C:\Users\Jesper\AppData\Local\Temp\cc2Wu34f.s 			page 7


 343 013a 22       		.byte	34
 344 013b 02       		.byte	2
 345 013c 26       		.byte	38
 346 013d 01       		.byte	1
 347 013e 2D       		.byte	45
 348 013f 01       		.byte	1
 349 0140 34       		.byte	52
 350 0141 02       		.byte	2
 351 0142 36       		.byte	54
 352 0143 01       		.byte	1
 353 0144 37       		.byte	55
 354 0145 01       		.byte	1
 355 0146 3E       		.byte	62
 356 0147 10       		.byte	16
 357 0148 40       		.byte	64
 358 0149 40       		.byte	64
 359 014a 41       		.byte	65
 360 014b 05       		.byte	5
 361 014c 45       		.byte	69
 362 014d D1       		.byte	-47
 363 014e 46       		.byte	70
 364 014f 02       		.byte	2
 365 0150 48       		.byte	72
 366 0151 07       		.byte	7
 367 0152 49       		.byte	73
 368 0153 FF       		.byte	-1
 369 0154 4A       		.byte	74
 370 0155 FF       		.byte	-1
 371 0156 4B       		.byte	75
 372 0157 FF       		.byte	-1
 373 0158 4D       		.byte	77
 374 0159 A0       		.byte	-96
 375 015a 4F       		.byte	79
 376 015b 04       		.byte	4
 377 015c 50       		.byte	80
 378 015d 18       		.byte	24
 379 015e 54       		.byte	84
 380 015f 05       		.byte	5
 381 0160 58       		.byte	88
 382 0161 04       		.byte	4
 383 0162 59       		.byte	89
 384 0163 04       		.byte	4
 385 0164 5A       		.byte	90
 386 0165 04       		.byte	4
 387 0166 5B       		.byte	91
 388 0167 04       		.byte	4
 389 0168 5C       		.byte	92
 390 0169 33       		.byte	51
 391 016a 5D       		.byte	93
 392 016b 33       		.byte	51
 393 016c 5F       		.byte	95
 394 016d 01       		.byte	1
 395 016e 60       		.byte	96
 396 016f 40       		.byte	64
 397 0170 62       		.byte	98
 398 0171 C0       		.byte	-64
 399 0172 64       		.byte	100
ARM GAS  C:\Users\Jesper\AppData\Local\Temp\cc2Wu34f.s 			page 8


 400 0173 40       		.byte	64
 401 0174 65       		.byte	101
 402 0175 40       		.byte	64
 403 0176 66       		.byte	102
 404 0177 C0       		.byte	-64
 405 0178 68       		.byte	104
 406 0179 C0       		.byte	-64
 407 017a 6A       		.byte	106
 408 017b C0       		.byte	-64
 409 017c 6C       		.byte	108
 410 017d C0       		.byte	-64
 411 017e 6E       		.byte	110
 412 017f C0       		.byte	-64
 413 0180 A3       		.byte	-93
 414 0181 01       		.byte	1
 415 0182 A7       		.byte	-89
 416 0183 01       		.byte	1
 417 0184 AE       		.byte	-82
 418 0185 01       		.byte	1
 419 0186 B0       		.byte	-80
 420 0187 01       		.byte	1
 421 0188 B3       		.byte	-77
 422 0189 01       		.byte	1
 423 018a B6       		.byte	-74
 424 018b 01       		.byte	1
 425 018c D2       		.byte	-46
 426 018d 80       		.byte	-128
 427 018e D8       		.byte	-40
 428 018f 04       		.byte	4
 429 0190 D9       		.byte	-39
 430 0191 04       		.byte	4
 431 0192 DB       		.byte	-37
 432 0193 04       		.byte	4
 433 0194 DC       		.byte	-36
 434 0195 33       		.byte	51
 435 0196 DD       		.byte	-35
 436 0197 30       		.byte	48
 437 0198 DF       		.byte	-33
 438 0199 01       		.byte	1
 439 019a 09       		.byte	9
 440 019b 80       		.byte	-128
 441 019c 10       		.byte	16
 442 019d A0       		.byte	-96
 443 019e 17       		.byte	23
 444 019f 80       		.byte	-128
 445 01a0 19       		.byte	25
 446 01a1 40       		.byte	64
 447 01a2 1A       		.byte	26
 448 01a3 04       		.byte	4
 449 01a4 1C       		.byte	28
 450 01a5 40       		.byte	64
 451 01a6 1D       		.byte	29
 452 01a7 80       		.byte	-128
 453 01a8 1F       		.byte	31
 454 01a9 80       		.byte	-128
 455 01aa 22       		.byte	34
 456 01ab 40       		.byte	64
ARM GAS  C:\Users\Jesper\AppData\Local\Temp\cc2Wu34f.s 			page 9


 457 01ac 27       		.byte	39
 458 01ad 10       		.byte	16
 459 01ae 29       		.byte	41
 460 01af 40       		.byte	64
 461 01b0 2C       		.byte	44
 462 01b1 20       		.byte	32
 463 01b2 2F       		.byte	47
 464 01b3 80       		.byte	-128
 465 01b4 30       		.byte	48
 466 01b5 20       		.byte	32
 467 01b6 40       		.byte	64
 468 01b7 40       		.byte	64
 469 01b8 48       		.byte	72
 470 01b9 20       		.byte	32
 471 01ba 49       		.byte	73
 472 01bb 01       		.byte	1
 473 01bc 4B       		.byte	75
 474 01bd 80       		.byte	-128
 475 01be 50       		.byte	80
 476 01bf 80       		.byte	-128
 477 01c0 53       		.byte	83
 478 01c1 40       		.byte	64
 479 01c2 59       		.byte	89
 480 01c3 01       		.byte	1
 481 01c4 5A       		.byte	90
 482 01c5 84       		.byte	-124
 483 01c6 77       		.byte	119
 484 01c7 80       		.byte	-128
 485 01c8 83       		.byte	-125
 486 01c9 10       		.byte	16
 487 01ca B3       		.byte	-77
 488 01cb 04       		.byte	4
 489 01cc C2       		.byte	-62
 490 01cd 01       		.byte	1
 491 01ce C4       		.byte	-60
 492 01cf 8C       		.byte	-116
 493 01d0 CA       		.byte	-54
 494 01d1 C8       		.byte	-56
 495 01d2 CC       		.byte	-52
 496 01d3 04       		.byte	4
 497 01d4 D0       		.byte	-48
 498 01d5 01       		.byte	1
 499 01d6 D2       		.byte	-46
 500 01d7 08       		.byte	8
 501 01d8 D6       		.byte	-42
 502 01d9 0B       		.byte	11
 503 01da EA       		.byte	-22
 504 01db 80       		.byte	-128
 505 01dc 04       		.byte	4
 506 01dd 1A       		.byte	26
 507 01de 06       		.byte	6
 508 01df 60       		.byte	96
 509 01e0 08       		.byte	8
 510 01e1 50       		.byte	80
 511 01e2 09       		.byte	9
 512 01e3 03       		.byte	3
 513 01e4 0A       		.byte	10
ARM GAS  C:\Users\Jesper\AppData\Local\Temp\cc2Wu34f.s 			page 10


 514 01e5 22       		.byte	34
 515 01e6 0B       		.byte	11
 516 01e7 0C       		.byte	12
 517 01e8 0F       		.byte	15
 518 01e9 07       		.byte	7
 519 01ea 13       		.byte	19
 520 01eb 18       		.byte	24
 521 01ec 15       		.byte	21
 522 01ed 18       		.byte	24
 523 01ee 17       		.byte	23
 524 01ef 07       		.byte	7
 525 01f0 19       		.byte	25
 526 01f1 03       		.byte	3
 527 01f2 1B       		.byte	27
 528 01f3 1C       		.byte	28
 529 01f4 1E       		.byte	30
 530 01f5 40       		.byte	64
 531 01f6 20       		.byte	32
 532 01f7 01       		.byte	1
 533 01f8 24       		.byte	36
 534 01f9 1A       		.byte	26
 535 01fa 26       		.byte	38
 536 01fb 20       		.byte	32
 537 01fc 28       		.byte	40
 538 01fd 18       		.byte	24
 539 01fe 2A       		.byte	42
 540 01ff 20       		.byte	32
 541 0200 2B       		.byte	43
 542 0201 01       		.byte	1
 543 0202 2C       		.byte	44
 544 0203 04       		.byte	4
 545 0204 2E       		.byte	46
 546 0205 28       		.byte	40
 547 0206 2F       		.byte	47
 548 0207 10       		.byte	16
 549 0208 31       		.byte	49
 550 0209 01       		.byte	1
 551 020a 32       		.byte	50
 552 020b 78       		.byte	120
 553 020c 34       		.byte	52
 554 020d 01       		.byte	1
 555 020e 35       		.byte	53
 556 020f 1E       		.byte	30
 557 0210 36       		.byte	54
 558 0211 06       		.byte	6
 559 0212 38       		.byte	56
 560 0213 80       		.byte	-128
 561 0214 3A       		.byte	58
 562 0215 08       		.byte	8
 563 0216 3B       		.byte	59
 564 0217 20       		.byte	32
 565 0218 3E       		.byte	62
 566 0219 10       		.byte	16
 567 021a 3F       		.byte	63
 568 021b 01       		.byte	1
 569 021c 40       		.byte	64
 570 021d 60       		.byte	96
ARM GAS  C:\Users\Jesper\AppData\Local\Temp\cc2Wu34f.s 			page 11


 571 021e 41       		.byte	65
 572 021f 02       		.byte	2
 573 0220 49       		.byte	73
 574 0221 FF       		.byte	-1
 575 0222 4A       		.byte	74
 576 0223 FF       		.byte	-1
 577 0224 4B       		.byte	75
 578 0225 FF       		.byte	-1
 579 0226 4D       		.byte	77
 580 0227 A0       		.byte	-96
 581 0228 4F       		.byte	79
 582 0229 04       		.byte	4
 583 022a 50       		.byte	80
 584 022b 18       		.byte	24
 585 022c 54       		.byte	84
 586 022d 01       		.byte	1
 587 022e 58       		.byte	88
 588 022f 04       		.byte	4
 589 0230 59       		.byte	89
 590 0231 04       		.byte	4
 591 0232 5A       		.byte	90
 592 0233 04       		.byte	4
 593 0234 5B       		.byte	91
 594 0235 04       		.byte	4
 595 0236 5C       		.byte	92
 596 0237 11       		.byte	17
 597 0238 5D       		.byte	93
 598 0239 16       		.byte	22
 599 023a 5F       		.byte	95
 600 023b 01       		.byte	1
 601 023c 60       		.byte	96
 602 023d 40       		.byte	64
 603 023e 62       		.byte	98
 604 023f C0       		.byte	-64
 605 0240 64       		.byte	100
 606 0241 40       		.byte	64
 607 0242 65       		.byte	101
 608 0243 40       		.byte	64
 609 0244 66       		.byte	102
 610 0245 C0       		.byte	-64
 611 0246 68       		.byte	104
 612 0247 C0       		.byte	-64
 613 0248 6A       		.byte	106
 614 0249 C0       		.byte	-64
 615 024a 6C       		.byte	108
 616 024b C0       		.byte	-64
 617 024c 6E       		.byte	110
 618 024d C0       		.byte	-64
 619 024e 84       		.byte	-124
 620 024f 01       		.byte	1
 621 0250 85       		.byte	-123
 622 0251 01       		.byte	1
 623 0252 89       		.byte	-119
 624 0253 01       		.byte	1
 625 0254 8E       		.byte	-114
 626 0255 01       		.byte	1
 627 0256 8F       		.byte	-113
ARM GAS  C:\Users\Jesper\AppData\Local\Temp\cc2Wu34f.s 			page 12


 628 0257 02       		.byte	2
 629 0258 90       		.byte	-112
 630 0259 01       		.byte	1
 631 025a 99       		.byte	-103
 632 025b 01       		.byte	1
 633 025c 9F       		.byte	-97
 634 025d 02       		.byte	2
 635 025e A9       		.byte	-87
 636 025f 01       		.byte	1
 637 0260 AA       		.byte	-86
 638 0261 01       		.byte	1
 639 0262 B0       		.byte	-80
 640 0263 01       		.byte	1
 641 0264 B3       		.byte	-77
 642 0265 01       		.byte	1
 643 0266 B5       		.byte	-75
 644 0267 02       		.byte	2
 645 0268 B8       		.byte	-72
 646 0269 02       		.byte	2
 647 026a BA       		.byte	-70
 648 026b 20       		.byte	32
 649 026c BF       		.byte	-65
 650 026d 14       		.byte	20
 651 026e C0       		.byte	-64
 652 026f 60       		.byte	96
 653 0270 C1       		.byte	-63
 654 0271 02       		.byte	2
 655 0272 C5       		.byte	-59
 656 0273 D0       		.byte	-48
 657 0274 C6       		.byte	-58
 658 0275 20       		.byte	32
 659 0276 C7       		.byte	-57
 660 0277 01       		.byte	1
 661 0278 C8       		.byte	-56
 662 0279 1A       		.byte	26
 663 027a C9       		.byte	-55
 664 027b FF       		.byte	-1
 665 027c CA       		.byte	-54
 666 027d FF       		.byte	-1
 667 027e CB       		.byte	-53
 668 027f FF       		.byte	-1
 669 0280 CD       		.byte	-51
 670 0281 AF       		.byte	-81
 671 0282 CE       		.byte	-50
 672 0283 0F       		.byte	15
 673 0284 CF       		.byte	-49
 674 0285 04       		.byte	4
 675 0286 D0       		.byte	-48
 676 0287 18       		.byte	24
 677 0288 D8       		.byte	-40
 678 0289 04       		.byte	4
 679 028a D9       		.byte	-39
 680 028b 04       		.byte	4
 681 028c DA       		.byte	-38
 682 028d 04       		.byte	4
 683 028e DC       		.byte	-36
 684 028f 01       		.byte	1
ARM GAS  C:\Users\Jesper\AppData\Local\Temp\cc2Wu34f.s 			page 13


 685 0290 DD       		.byte	-35
 686 0291 06       		.byte	6
 687 0292 DF       		.byte	-33
 688 0293 01       		.byte	1
 689 0294 E0       		.byte	-32
 690 0295 40       		.byte	64
 691 0296 E2       		.byte	-30
 692 0297 C0       		.byte	-64
 693 0298 E4       		.byte	-28
 694 0299 40       		.byte	64
 695 029a E5       		.byte	-27
 696 029b 40       		.byte	64
 697 029c E6       		.byte	-26
 698 029d C0       		.byte	-64
 699 029e E8       		.byte	-24
 700 029f C0       		.byte	-64
 701 02a0 EA       		.byte	-22
 702 02a1 C0       		.byte	-64
 703 02a2 EC       		.byte	-20
 704 02a3 C0       		.byte	-64
 705 02a4 EE       		.byte	-18
 706 02a5 C0       		.byte	-64
 707 02a6 00       		.byte	0
 708 02a7 48       		.byte	72
 709 02a8 05       		.byte	5
 710 02a9 04       		.byte	4
 711 02aa 07       		.byte	7
 712 02ab 04       		.byte	4
 713 02ac 09       		.byte	9
 714 02ad 01       		.byte	1
 715 02ae 0E       		.byte	14
 716 02af 02       		.byte	2
 717 02b0 10       		.byte	16
 718 02b1 04       		.byte	4
 719 02b2 14       		.byte	20
 720 02b3 10       		.byte	16
 721 02b4 15       		.byte	21
 722 02b5 51       		.byte	81
 723 02b6 18       		.byte	24
 724 02b7 08       		.byte	8
 725 02b8 1A       		.byte	26
 726 02b9 80       		.byte	-128
 727 02ba 1D       		.byte	29
 728 02bb 04       		.byte	4
 729 02bc 1E       		.byte	30
 730 02bd 1A       		.byte	26
 731 02be 20       		.byte	32
 732 02bf 04       		.byte	4
 733 02c0 23       		.byte	35
 734 02c1 20       		.byte	32
 735 02c2 27       		.byte	39
 736 02c3 84       		.byte	-124
 737 02c4 28       		.byte	40
 738 02c5 04       		.byte	4
 739 02c6 29       		.byte	41
 740 02c7 20       		.byte	32
 741 02c8 2D       		.byte	45
ARM GAS  C:\Users\Jesper\AppData\Local\Temp\cc2Wu34f.s 			page 14


 742 02c9 10       		.byte	16
 743 02ca 2F       		.byte	47
 744 02cb 0A       		.byte	10
 745 02cc 31       		.byte	49
 746 02cd 10       		.byte	16
 747 02ce 32       		.byte	50
 748 02cf 40       		.byte	64
 749 02d0 34       		.byte	52
 750 02d1 10       		.byte	16
 751 02d2 36       		.byte	54
 752 02d3 01       		.byte	1
 753 02d4 37       		.byte	55
 754 02d5 04       		.byte	4
 755 02d6 38       		.byte	56
 756 02d7 08       		.byte	8
 757 02d8 39       		.byte	57
 758 02d9 A8       		.byte	-88
 759 02da 3D       		.byte	61
 760 02db 40       		.byte	64
 761 02dc 3E       		.byte	62
 762 02dd 10       		.byte	16
 763 02de 3F       		.byte	63
 764 02df 80       		.byte	-128
 765 02e0 41       		.byte	65
 766 02e1 20       		.byte	32
 767 02e2 45       		.byte	69
 768 02e3 20       		.byte	32
 769 02e4 48       		.byte	72
 770 02e5 08       		.byte	8
 771 02e6 49       		.byte	73
 772 02e7 01       		.byte	1
 773 02e8 4C       		.byte	76
 774 02e9 08       		.byte	8
 775 02ea 4E       		.byte	78
 776 02eb 04       		.byte	4
 777 02ec 51       		.byte	81
 778 02ed 28       		.byte	40
 779 02ee 5D       		.byte	93
 780 02ef 11       		.byte	17
 781 02f0 5E       		.byte	94
 782 02f1 08       		.byte	8
 783 02f2 5F       		.byte	95
 784 02f3 80       		.byte	-128
 785 02f4 8C       		.byte	-116
 786 02f5 04       		.byte	4
 787 02f6 8D       		.byte	-115
 788 02f7 01       		.byte	1
 789 02f8 92       		.byte	-110
 790 02f9 08       		.byte	8
 791 02fa 9D       		.byte	-99
 792 02fb 01       		.byte	1
 793 02fc A5       		.byte	-91
 794 02fd 28       		.byte	40
 795 02fe B4       		.byte	-76
 796 02ff 01       		.byte	1
 797 0300 C0       		.byte	-64
 798 0301 65       		.byte	101
ARM GAS  C:\Users\Jesper\AppData\Local\Temp\cc2Wu34f.s 			page 15


 799 0302 C2       		.byte	-62
 800 0303 88       		.byte	-120
 801 0304 C4       		.byte	-60
 802 0305 F2       		.byte	-14
 803 0306 CA       		.byte	-54
 804 0307 34       		.byte	52
 805 0308 CC       		.byte	-52
 806 0309 EC       		.byte	-20
 807 030a CE       		.byte	-50
 808 030b 3E       		.byte	62
 809 030c D0       		.byte	-48
 810 030d 24       		.byte	36
 811 030e D2       		.byte	-46
 812 030f 24       		.byte	36
 813 0310 D6       		.byte	-42
 814 0311 F0       		.byte	-16
 815 0312 06       		.byte	6
 816 0313 06       		.byte	6
 817 0314 12       		.byte	18
 818 0315 01       		.byte	1
 819 0316 16       		.byte	22
 820 0317 0C       		.byte	12
 821 0318 17       		.byte	23
 822 0319 01       		.byte	1
 823 031a 1A       		.byte	26
 824 031b 02       		.byte	2
 825 031c 29       		.byte	41
 826 031d 01       		.byte	1
 827 031e 30       		.byte	48
 828 031f 02       		.byte	2
 829 0320 32       		.byte	50
 830 0321 08       		.byte	8
 831 0322 34       		.byte	52
 832 0323 01       		.byte	1
 833 0324 36       		.byte	54
 834 0325 04       		.byte	4
 835 0326 37       		.byte	55
 836 0327 01       		.byte	1
 837 0328 3E       		.byte	62
 838 0329 01       		.byte	1
 839 032a 40       		.byte	64
 840 032b 20       		.byte	32
 841 032c 41       		.byte	65
 842 032d 06       		.byte	6
 843 032e 49       		.byte	73
 844 032f FF       		.byte	-1
 845 0330 4A       		.byte	74
 846 0331 FF       		.byte	-1
 847 0332 4B       		.byte	75
 848 0333 FF       		.byte	-1
 849 0334 4D       		.byte	77
 850 0335 A0       		.byte	-96
 851 0336 4F       		.byte	79
 852 0337 04       		.byte	4
 853 0338 50       		.byte	80
 854 0339 18       		.byte	24
 855 033a 52       		.byte	82
ARM GAS  C:\Users\Jesper\AppData\Local\Temp\cc2Wu34f.s 			page 16


 856 033b 80       		.byte	-128
 857 033c 54       		.byte	84
 858 033d 05       		.byte	5
 859 033e 58       		.byte	88
 860 033f 04       		.byte	4
 861 0340 59       		.byte	89
 862 0341 04       		.byte	4
 863 0342 5A       		.byte	90
 864 0343 04       		.byte	4
 865 0344 5B       		.byte	91
 866 0345 04       		.byte	4
 867 0346 5C       		.byte	92
 868 0347 66       		.byte	102
 869 0348 5D       		.byte	93
 870 0349 65       		.byte	101
 871 034a 5F       		.byte	95
 872 034b 01       		.byte	1
 873 034c 60       		.byte	96
 874 034d 40       		.byte	64
 875 034e 62       		.byte	98
 876 034f C0       		.byte	-64
 877 0350 64       		.byte	100
 878 0351 40       		.byte	64
 879 0352 65       		.byte	101
 880 0353 40       		.byte	64
 881 0354 66       		.byte	102
 882 0355 C0       		.byte	-64
 883 0356 68       		.byte	104
 884 0357 C0       		.byte	-64
 885 0358 6A       		.byte	106
 886 0359 C0       		.byte	-64
 887 035a 6C       		.byte	108
 888 035b C0       		.byte	-64
 889 035c 6E       		.byte	110
 890 035d C0       		.byte	-64
 891 035e 82       		.byte	-126
 892 035f 01       		.byte	1
 893 0360 87       		.byte	-121
 894 0361 02       		.byte	2
 895 0362 8B       		.byte	-117
 896 0363 01       		.byte	1
 897 0364 A6       		.byte	-90
 898 0365 02       		.byte	2
 899 0366 A7       		.byte	-89
 900 0367 02       		.byte	2
 901 0368 AD       		.byte	-83
 902 0369 01       		.byte	1
 903 036a B0       		.byte	-80
 904 036b 02       		.byte	2
 905 036c B4       		.byte	-76
 906 036d 01       		.byte	1
 907 036e B5       		.byte	-75
 908 036f 02       		.byte	2
 909 0370 B7       		.byte	-73
 910 0371 01       		.byte	1
 911 0372 BF       		.byte	-65
 912 0373 10       		.byte	16
ARM GAS  C:\Users\Jesper\AppData\Local\Temp\cc2Wu34f.s 			page 17


 913 0374 C0       		.byte	-64
 914 0375 30       		.byte	48
 915 0376 C1       		.byte	-63
 916 0377 02       		.byte	2
 917 0378 C5       		.byte	-59
 918 0379 D0       		.byte	-48
 919 037a C6       		.byte	-58
 920 037b 10       		.byte	16
 921 037c C7       		.byte	-57
 922 037d 02       		.byte	2
 923 037e C8       		.byte	-56
 924 037f 1A       		.byte	26
 925 0380 C9       		.byte	-55
 926 0381 FF       		.byte	-1
 927 0382 CA       		.byte	-54
 928 0383 FF       		.byte	-1
 929 0384 CB       		.byte	-53
 930 0385 FF       		.byte	-1
 931 0386 CD       		.byte	-51
 932 0387 AF       		.byte	-81
 933 0388 CE       		.byte	-50
 934 0389 0F       		.byte	15
 935 038a CF       		.byte	-49
 936 038b 04       		.byte	4
 937 038c D0       		.byte	-48
 938 038d 18       		.byte	24
 939 038e D2       		.byte	-46
 940 038f 80       		.byte	-128
 941 0390 D4       		.byte	-44
 942 0391 05       		.byte	5
 943 0392 D8       		.byte	-40
 944 0393 04       		.byte	4
 945 0394 D9       		.byte	-39
 946 0395 04       		.byte	4
 947 0396 DA       		.byte	-38
 948 0397 04       		.byte	4
 949 0398 DB       		.byte	-37
 950 0399 04       		.byte	4
 951 039a DC       		.byte	-36
 952 039b 55       		.byte	85
 953 039c DD       		.byte	-35
 954 039d 55       		.byte	85
 955 039e DF       		.byte	-33
 956 039f 01       		.byte	1
 957 03a0 E0       		.byte	-32
 958 03a1 40       		.byte	64
 959 03a2 E2       		.byte	-30
 960 03a3 C0       		.byte	-64
 961 03a4 E4       		.byte	-28
 962 03a5 40       		.byte	64
 963 03a6 E5       		.byte	-27
 964 03a7 40       		.byte	64
 965 03a8 E6       		.byte	-26
 966 03a9 C0       		.byte	-64
 967 03aa E8       		.byte	-24
 968 03ab C0       		.byte	-64
 969 03ac EA       		.byte	-22
ARM GAS  C:\Users\Jesper\AppData\Local\Temp\cc2Wu34f.s 			page 18


 970 03ad C0       		.byte	-64
 971 03ae EC       		.byte	-20
 972 03af C0       		.byte	-64
 973 03b0 EE       		.byte	-18
 974 03b1 C0       		.byte	-64
 975 03b2 00       		.byte	0
 976 03b3 04       		.byte	4
 977 03b4 06       		.byte	6
 978 03b5 80       		.byte	-128
 979 03b6 09       		.byte	9
 980 03b7 28       		.byte	40
 981 03b8 0B       		.byte	11
 982 03b9 40       		.byte	64
 983 03ba 16       		.byte	22
 984 03bb 20       		.byte	32
 985 03bc 18       		.byte	24
 986 03bd 46       		.byte	70
 987 03be 1A       		.byte	26
 988 03bf 08       		.byte	8
 989 03c0 1B       		.byte	27
 990 03c1 08       		.byte	8
 991 03c2 1E       		.byte	30
 992 03c3 44       		.byte	68
 993 03c4 22       		.byte	34
 994 03c5 40       		.byte	64
 995 03c6 26       		.byte	38
 996 03c7 40       		.byte	64
 997 03c8 27       		.byte	39
 998 03c9 08       		.byte	8
 999 03ca 2B       		.byte	43
 1000 03cb 08       		.byte	8
 1001 03cc 2C       		.byte	44
 1002 03cd 10       		.byte	16
 1003 03ce 2E       		.byte	46
 1004 03cf 44       		.byte	68
 1005 03d0 31       		.byte	49
 1006 03d1 08       		.byte	8
 1007 03d2 3C       		.byte	60
 1008 03d3 08       		.byte	8
 1009 03d4 3E       		.byte	62
 1010 03d5 20       		.byte	32
 1011 03d6 42       		.byte	66
 1012 03d7 04       		.byte	4
 1013 03d8 44       		.byte	68
 1014 03d9 10       		.byte	16
 1015 03da 46       		.byte	70
 1016 03db 08       		.byte	8
 1017 03dc 48       		.byte	72
 1018 03dd 04       		.byte	4
 1019 03de 4F       		.byte	79
 1020 03df 01       		.byte	1
 1021 03e0 54       		.byte	84
 1022 03e1 04       		.byte	4
 1023 03e2 56       		.byte	86
 1024 03e3 28       		.byte	40
 1025 03e4 58       		.byte	88
 1026 03e5 08       		.byte	8
ARM GAS  C:\Users\Jesper\AppData\Local\Temp\cc2Wu34f.s 			page 19


 1027 03e6 59       		.byte	89
 1028 03e7 01       		.byte	1
 1029 03e8 5A       		.byte	90
 1030 03e9 80       		.byte	-128
 1031 03ea 5E       		.byte	94
 1032 03eb 80       		.byte	-128
 1033 03ec 5F       		.byte	95
 1034 03ed 09       		.byte	9
 1035 03ee 73       		.byte	115
 1036 03ef 40       		.byte	64
 1037 03f0 76       		.byte	118
 1038 03f1 80       		.byte	-128
 1039 03f2 8C       		.byte	-116
 1040 03f3 48       		.byte	72
 1041 03f4 96       		.byte	-106
 1042 03f5 04       		.byte	4
 1043 03f6 9E       		.byte	-98
 1044 03f7 20       		.byte	32
 1045 03f8 AF       		.byte	-81
 1046 03f9 30       		.byte	48
 1047 03fa C0       		.byte	-64
 1048 03fb 14       		.byte	20
 1049 03fc C2       		.byte	-62
 1050 03fd 0E       		.byte	14
 1051 03fe C4       		.byte	-60
 1052 03ff 20       		.byte	32
 1053 0400 CA       		.byte	-54
 1054 0401 54       		.byte	84
 1055 0402 CC       		.byte	-52
 1056 0403 02       		.byte	2
 1057 0404 CE       		.byte	-50
 1058 0405 60       		.byte	96
 1059 0406 D0       		.byte	-48
 1060 0407 64       		.byte	100
 1061 0408 D2       		.byte	-46
 1062 0409 04       		.byte	4
 1063 040a D6       		.byte	-42
 1064 040b DB       		.byte	-37
 1065 040c E8       		.byte	-24
 1066 040d 02       		.byte	2
 1067 040e EC       		.byte	-20
 1068 040f 02       		.byte	2
 1069 0410 1A       		.byte	26
 1070 0411 01       		.byte	1
 1071 0412 26       		.byte	38
 1072 0413 01       		.byte	1
 1073 0414 34       		.byte	52
 1074 0415 01       		.byte	1
 1075 0416 40       		.byte	64
 1076 0417 50       		.byte	80
 1077 0418 41       		.byte	65
 1078 0419 02       		.byte	2
 1079 041a 49       		.byte	73
 1080 041b FF       		.byte	-1
 1081 041c 4A       		.byte	74
 1082 041d FF       		.byte	-1
 1083 041e 4B       		.byte	75
ARM GAS  C:\Users\Jesper\AppData\Local\Temp\cc2Wu34f.s 			page 20


 1084 041f FF       		.byte	-1
 1085 0420 4D       		.byte	77
 1086 0421 A0       		.byte	-96
 1087 0422 4F       		.byte	79
 1088 0423 04       		.byte	4
 1089 0424 50       		.byte	80
 1090 0425 18       		.byte	24
 1091 0426 58       		.byte	88
 1092 0427 04       		.byte	4
 1093 0428 5A       		.byte	90
 1094 0429 04       		.byte	4
 1095 042a 5C       		.byte	92
 1096 042b 05       		.byte	5
 1097 042c 5D       		.byte	93
 1098 042d 04       		.byte	4
 1099 042e 5F       		.byte	95
 1100 042f 01       		.byte	1
 1101 0430 60       		.byte	96
 1102 0431 40       		.byte	64
 1103 0432 62       		.byte	98
 1104 0433 C0       		.byte	-64
 1105 0434 64       		.byte	100
 1106 0435 40       		.byte	64
 1107 0436 65       		.byte	101
 1108 0437 40       		.byte	64
 1109 0438 66       		.byte	102
 1110 0439 C0       		.byte	-64
 1111 043a 68       		.byte	104
 1112 043b C0       		.byte	-64
 1113 043c 6A       		.byte	106
 1114 043d C0       		.byte	-64
 1115 043e 6C       		.byte	108
 1116 043f C0       		.byte	-64
 1117 0440 6E       		.byte	110
 1118 0441 C0       		.byte	-64
 1119 0442 8E       		.byte	-114
 1120 0443 02       		.byte	2
 1121 0444 91       		.byte	-111
 1122 0445 01       		.byte	1
 1123 0446 92       		.byte	-110
 1124 0447 01       		.byte	1
 1125 0448 97       		.byte	-105
 1126 0449 03       		.byte	3
 1127 044a 9A       		.byte	-102
 1128 044b 02       		.byte	2
 1129 044c AA       		.byte	-86
 1130 044d 04       		.byte	4
 1131 044e AF       		.byte	-81
 1132 044f 02       		.byte	2
 1133 0450 B0       		.byte	-80
 1134 0451 04       		.byte	4
 1135 0452 B1       		.byte	-79
 1136 0453 01       		.byte	1
 1137 0454 B3       		.byte	-77
 1138 0455 02       		.byte	2
 1139 0456 B4       		.byte	-76
 1140 0457 02       		.byte	2
ARM GAS  C:\Users\Jesper\AppData\Local\Temp\cc2Wu34f.s 			page 21


 1141 0458 B6       		.byte	-74
 1142 0459 01       		.byte	1
 1143 045a BE       		.byte	-66
 1144 045b 10       		.byte	16
 1145 045c C0       		.byte	-64
 1146 045d 50       		.byte	80
 1147 045e C1       		.byte	-63
 1148 045f 02       		.byte	2
 1149 0460 C5       		.byte	-59
 1150 0461 D0       		.byte	-48
 1151 0462 C6       		.byte	-58
 1152 0463 20       		.byte	32
 1153 0464 C7       		.byte	-57
 1154 0465 01       		.byte	1
 1155 0466 C8       		.byte	-56
 1156 0467 1A       		.byte	26
 1157 0468 C9       		.byte	-55
 1158 0469 FF       		.byte	-1
 1159 046a CA       		.byte	-54
 1160 046b FF       		.byte	-1
 1161 046c CB       		.byte	-53
 1162 046d FF       		.byte	-1
 1163 046e CD       		.byte	-51
 1164 046f AF       		.byte	-81
 1165 0470 CE       		.byte	-50
 1166 0471 0F       		.byte	15
 1167 0472 CF       		.byte	-49
 1168 0473 04       		.byte	4
 1169 0474 D0       		.byte	-48
 1170 0475 18       		.byte	24
 1171 0476 D2       		.byte	-46
 1172 0477 80       		.byte	-128
 1173 0478 D4       		.byte	-44
 1174 0479 05       		.byte	5
 1175 047a D8       		.byte	-40
 1176 047b 04       		.byte	4
 1177 047c D9       		.byte	-39
 1178 047d 04       		.byte	4
 1179 047e DA       		.byte	-38
 1180 047f 04       		.byte	4
 1181 0480 DB       		.byte	-37
 1182 0481 04       		.byte	4
 1183 0482 DC       		.byte	-36
 1184 0483 44       		.byte	68
 1185 0484 DD       		.byte	-35
 1186 0485 44       		.byte	68
 1187 0486 DF       		.byte	-33
 1188 0487 01       		.byte	1
 1189 0488 E0       		.byte	-32
 1190 0489 40       		.byte	64
 1191 048a E2       		.byte	-30
 1192 048b C0       		.byte	-64
 1193 048c E4       		.byte	-28
 1194 048d 40       		.byte	64
 1195 048e E5       		.byte	-27
 1196 048f 40       		.byte	64
 1197 0490 E6       		.byte	-26
ARM GAS  C:\Users\Jesper\AppData\Local\Temp\cc2Wu34f.s 			page 22


 1198 0491 C0       		.byte	-64
 1199 0492 E8       		.byte	-24
 1200 0493 C0       		.byte	-64
 1201 0494 EA       		.byte	-22
 1202 0495 C0       		.byte	-64
 1203 0496 EC       		.byte	-20
 1204 0497 C0       		.byte	-64
 1205 0498 EE       		.byte	-18
 1206 0499 C0       		.byte	-64
 1207 049a 01       		.byte	1
 1208 049b 80       		.byte	-128
 1209 049c 09       		.byte	9
 1210 049d 22       		.byte	34
 1211 049e 0E       		.byte	14
 1212 049f 04       		.byte	4
 1213 04a0 10       		.byte	16
 1214 04a1 08       		.byte	8
 1215 04a2 16       		.byte	22
 1216 04a3 20       		.byte	32
 1217 04a4 19       		.byte	25
 1218 04a5 80       		.byte	-128
 1219 04a6 1A       		.byte	26
 1220 04a7 08       		.byte	8
 1221 04a8 1B       		.byte	27
 1222 04a9 02       		.byte	2
 1223 04aa 1F       		.byte	31
 1224 04ab 10       		.byte	16
 1225 04ac 23       		.byte	35
 1226 04ad A0       		.byte	-96
 1227 04ae 29       		.byte	41
 1228 04af 80       		.byte	-128
 1229 04b0 30       		.byte	48
 1230 04b1 08       		.byte	8
 1231 04b2 33       		.byte	51
 1232 04b3 02       		.byte	2
 1233 04b4 41       		.byte	65
 1234 04b5 20       		.byte	32
 1235 04b6 45       		.byte	69
 1236 04b7 20       		.byte	32
 1237 04b8 49       		.byte	73
 1238 04b9 82       		.byte	-126
 1239 04ba 4D       		.byte	77
 1240 04bb 80       		.byte	-128
 1241 04bc 50       		.byte	80
 1242 04bd 08       		.byte	8
 1243 04be 51       		.byte	81
 1244 04bf 20       		.byte	32
 1245 04c0 59       		.byte	89
 1246 04c1 02       		.byte	2
 1247 04c2 5A       		.byte	90
 1248 04c3 08       		.byte	8
 1249 04c4 5B       		.byte	91
 1250 04c5 80       		.byte	-128
 1251 04c6 71       		.byte	113
 1252 04c7 02       		.byte	2
 1253 04c8 C0       		.byte	-64
 1254 04c9 01       		.byte	1
ARM GAS  C:\Users\Jesper\AppData\Local\Temp\cc2Wu34f.s 			page 23


 1255 04ca C2       		.byte	-62
 1256 04cb 4A       		.byte	74
 1257 04cc C4       		.byte	-60
 1258 04cd 22       		.byte	34
 1259 04ce CA       		.byte	-54
 1260 04cf 08       		.byte	8
 1261 04d0 CC       		.byte	-52
 1262 04d1 03       		.byte	3
 1263 04d2 D0       		.byte	-48
 1264 04d3 24       		.byte	36
 1265 04d4 D2       		.byte	-46
 1266 04d5 18       		.byte	24
 1267 04d6 D6       		.byte	-42
 1268 04d7 0B       		.byte	11
 1269 04d8 16       		.byte	22
 1270 04d9 01       		.byte	1
 1271 04da 2E       		.byte	46
 1272 04db 01       		.byte	1
 1273 04dc 30       		.byte	48
 1274 04dd 01       		.byte	1
 1275 04de 40       		.byte	64
 1276 04df 30       		.byte	48
 1277 04e0 41       		.byte	65
 1278 04e1 02       		.byte	2
 1279 04e2 49       		.byte	73
 1280 04e3 FF       		.byte	-1
 1281 04e4 4A       		.byte	74
 1282 04e5 FF       		.byte	-1
 1283 04e6 4B       		.byte	75
 1284 04e7 FF       		.byte	-1
 1285 04e8 4D       		.byte	77
 1286 04e9 A0       		.byte	-96
 1287 04ea 4F       		.byte	79
 1288 04eb 04       		.byte	4
 1289 04ec 50       		.byte	80
 1290 04ed 18       		.byte	24
 1291 04ee 58       		.byte	88
 1292 04ef 04       		.byte	4
 1293 04f0 5A       		.byte	90
 1294 04f1 04       		.byte	4
 1295 04f2 5C       		.byte	92
 1296 04f3 02       		.byte	2
 1297 04f4 5D       		.byte	93
 1298 04f5 02       		.byte	2
 1299 04f6 5F       		.byte	95
 1300 04f7 01       		.byte	1
 1301 04f8 60       		.byte	96
 1302 04f9 40       		.byte	64
 1303 04fa 62       		.byte	98
 1304 04fb C0       		.byte	-64
 1305 04fc 64       		.byte	100
 1306 04fd 40       		.byte	64
 1307 04fe 65       		.byte	101
 1308 04ff 40       		.byte	64
 1309 0500 66       		.byte	102
 1310 0501 C0       		.byte	-64
 1311 0502 68       		.byte	104
ARM GAS  C:\Users\Jesper\AppData\Local\Temp\cc2Wu34f.s 			page 24


 1312 0503 C0       		.byte	-64
 1313 0504 6A       		.byte	106
 1314 0505 C0       		.byte	-64
 1315 0506 6C       		.byte	108
 1316 0507 C0       		.byte	-64
 1317 0508 6E       		.byte	110
 1318 0509 C0       		.byte	-64
 1319 050a 8A       		.byte	-118
 1320 050b 02       		.byte	2
 1321 050c 8D       		.byte	-115
 1322 050d 01       		.byte	1
 1323 050e 92       		.byte	-110
 1324 050f 04       		.byte	4
 1325 0510 96       		.byte	-106
 1326 0511 02       		.byte	2
 1327 0512 AE       		.byte	-82
 1328 0513 01       		.byte	1
 1329 0514 AF       		.byte	-81
 1330 0515 01       		.byte	1
 1331 0516 B0       		.byte	-80
 1332 0517 04       		.byte	4
 1333 0518 B2       		.byte	-78
 1334 0519 01       		.byte	1
 1335 051a B4       		.byte	-76
 1336 051b 02       		.byte	2
 1337 051c B7       		.byte	-73
 1338 051d 01       		.byte	1
 1339 051e BE       		.byte	-66
 1340 051f 10       		.byte	16
 1341 0520 C0       		.byte	-64
 1342 0521 30       		.byte	48
 1343 0522 C1       		.byte	-63
 1344 0523 02       		.byte	2
 1345 0524 C5       		.byte	-59
 1346 0525 D0       		.byte	-48
 1347 0526 C6       		.byte	-58
 1348 0527 20       		.byte	32
 1349 0528 C7       		.byte	-57
 1350 0529 10       		.byte	16
 1351 052a C8       		.byte	-56
 1352 052b 2A       		.byte	42
 1353 052c C9       		.byte	-55
 1354 052d FF       		.byte	-1
 1355 052e CA       		.byte	-54
 1356 052f FF       		.byte	-1
 1357 0530 CB       		.byte	-53
 1358 0531 FF       		.byte	-1
 1359 0532 CD       		.byte	-51
 1360 0533 AF       		.byte	-81
 1361 0534 CE       		.byte	-50
 1362 0535 0F       		.byte	15
 1363 0536 CF       		.byte	-49
 1364 0537 04       		.byte	4
 1365 0538 D0       		.byte	-48
 1366 0539 18       		.byte	24
 1367 053a D2       		.byte	-46
 1368 053b 80       		.byte	-128
ARM GAS  C:\Users\Jesper\AppData\Local\Temp\cc2Wu34f.s 			page 25


 1369 053c D4       		.byte	-44
 1370 053d 05       		.byte	5
 1371 053e D8       		.byte	-40
 1372 053f 04       		.byte	4
 1373 0540 D9       		.byte	-39
 1374 0541 04       		.byte	4
 1375 0542 DA       		.byte	-38
 1376 0543 04       		.byte	4
 1377 0544 DB       		.byte	-37
 1378 0545 04       		.byte	4
 1379 0546 DC       		.byte	-36
 1380 0547 22       		.byte	34
 1381 0548 DD       		.byte	-35
 1382 0549 22       		.byte	34
 1383 054a DF       		.byte	-33
 1384 054b 01       		.byte	1
 1385 054c E0       		.byte	-32
 1386 054d 40       		.byte	64
 1387 054e E2       		.byte	-30
 1388 054f C0       		.byte	-64
 1389 0550 E4       		.byte	-28
 1390 0551 40       		.byte	64
 1391 0552 E5       		.byte	-27
 1392 0553 40       		.byte	64
 1393 0554 E6       		.byte	-26
 1394 0555 C0       		.byte	-64
 1395 0556 E8       		.byte	-24
 1396 0557 C0       		.byte	-64
 1397 0558 EA       		.byte	-22
 1398 0559 C0       		.byte	-64
 1399 055a EC       		.byte	-20
 1400 055b C0       		.byte	-64
 1401 055c EE       		.byte	-18
 1402 055d C0       		.byte	-64
 1403 055e 04       		.byte	4
 1404 055f 10       		.byte	16
 1405 0560 09       		.byte	9
 1406 0561 08       		.byte	8
 1407 0562 0C       		.byte	12
 1408 0563 02       		.byte	2
 1409 0564 0F       		.byte	15
 1410 0565 20       		.byte	32
 1411 0566 10       		.byte	16
 1412 0567 02       		.byte	2
 1413 0568 17       		.byte	23
 1414 0569 40       		.byte	64
 1415 056a 19       		.byte	25
 1416 056b 01       		.byte	1
 1417 056c 1C       		.byte	28
 1418 056d 50       		.byte	80
 1419 056e 1D       		.byte	29
 1420 056f 08       		.byte	8
 1421 0570 1E       		.byte	30
 1422 0571 08       		.byte	8
 1423 0572 26       		.byte	38
 1424 0573 40       		.byte	64
 1425 0574 2C       		.byte	44
ARM GAS  C:\Users\Jesper\AppData\Local\Temp\cc2Wu34f.s 			page 26


 1426 0575 02       		.byte	2
 1427 0576 3C       		.byte	60
 1428 0577 40       		.byte	64
 1429 0578 40       		.byte	64
 1430 0579 10       		.byte	16
 1431 057a 41       		.byte	65
 1432 057b 20       		.byte	32
 1433 057c 45       		.byte	69
 1434 057d 28       		.byte	40
 1435 057e 4D       		.byte	77
 1436 057f 01       		.byte	1
 1437 0580 54       		.byte	84
 1438 0581 02       		.byte	2
 1439 0582 55       		.byte	85
 1440 0583 20       		.byte	32
 1441 0584 57       		.byte	87
 1442 0585 10       		.byte	16
 1443 0586 5D       		.byte	93
 1444 0587 01       		.byte	1
 1445 0588 5E       		.byte	94
 1446 0589 88       		.byte	-120
 1447 058a 77       		.byte	119
 1448 058b 40       		.byte	64
 1449 058c 8D       		.byte	-115
 1450 058d 01       		.byte	1
 1451 058e C0       		.byte	-64
 1452 058f 40       		.byte	64
 1453 0590 C2       		.byte	-62
 1454 0591 34       		.byte	52
 1455 0592 C4       		.byte	-60
 1456 0593 81       		.byte	-127
 1457 0594 CA       		.byte	-54
 1458 0595 10       		.byte	16
 1459 0596 CE       		.byte	-50
 1460 0597 10       		.byte	16
 1461 0598 D0       		.byte	-48
 1462 0599 66       		.byte	102
 1463 059a D6       		.byte	-42
 1464 059b D0       		.byte	-48
 1465 059c EA       		.byte	-22
 1466 059d 04       		.byte	4
 1467 059e E6       		.byte	-26
 1468 059f 09       		.byte	9
 1469 05a0 09       		.byte	9
 1470 05a1 03       		.byte	3
 1471 05a2 0F       		.byte	15
 1472 05a3 01       		.byte	1
 1473 05a4 15       		.byte	21
 1474 05a5 02       		.byte	2
 1475 05a6 25       		.byte	37
 1476 05a7 03       		.byte	3
 1477 05a8 31       		.byte	49
 1478 05a9 03       		.byte	3
 1479 05aa 39       		.byte	57
 1480 05ab 02       		.byte	2
 1481 05ac 3F       		.byte	63
 1482 05ad 01       		.byte	1
ARM GAS  C:\Users\Jesper\AppData\Local\Temp\cc2Wu34f.s 			page 27


 1483 05ae 40       		.byte	64
 1484 05af 01       		.byte	1
 1485 05b0 47       		.byte	71
 1486 05b1 40       		.byte	64
 1487 05b2 49       		.byte	73
 1488 05b3 FF       		.byte	-1
 1489 05b4 4A       		.byte	74
 1490 05b5 07       		.byte	7
 1491 05b6 4B       		.byte	75
 1492 05b7 FF       		.byte	-1
 1493 05b8 4C       		.byte	76
 1494 05b9 40       		.byte	64
 1495 05ba 4D       		.byte	77
 1496 05bb 20       		.byte	32
 1497 05bc 4E       		.byte	78
 1498 05bd F0       		.byte	-16
 1499 05be 4F       		.byte	79
 1500 05bf 05       		.byte	5
 1501 05c0 50       		.byte	80
 1502 05c1 08       		.byte	8
 1503 05c2 59       		.byte	89
 1504 05c3 04       		.byte	4
 1505 05c4 5A       		.byte	90
 1506 05c5 04       		.byte	4
 1507 05c6 5D       		.byte	93
 1508 05c7 01       		.byte	1
 1509 05c8 5F       		.byte	95
 1510 05c9 01       		.byte	1
 1511 05ca 60       		.byte	96
 1512 05cb 40       		.byte	64
 1513 05cc 61       		.byte	97
 1514 05cd A8       		.byte	-88
 1515 05ce 62       		.byte	98
 1516 05cf 40       		.byte	64
 1517 05d0 63       		.byte	99
 1518 05d1 20       		.byte	32
 1519 05d2 00       		.byte	0
 1520 05d3 48       		.byte	72
 1521 05d4 03       		.byte	3
 1522 05d5 80       		.byte	-128
 1523 05d6 08       		.byte	8
 1524 05d7 40       		.byte	64
 1525 05d8 09       		.byte	9
 1526 05d9 09       		.byte	9
 1527 05da 0A       		.byte	10
 1528 05db 80       		.byte	-128
 1529 05dc 10       		.byte	16
 1530 05dd A4       		.byte	-92
 1531 05de 12       		.byte	18
 1532 05df 02       		.byte	2
 1533 05e0 19       		.byte	25
 1534 05e1 90       		.byte	-112
 1535 05e2 1B       		.byte	27
 1536 05e3 81       		.byte	-127
 1537 05e4 20       		.byte	32
 1538 05e5 09       		.byte	9
 1539 05e6 21       		.byte	33
ARM GAS  C:\Users\Jesper\AppData\Local\Temp\cc2Wu34f.s 			page 28


 1540 05e7 10       		.byte	16
 1541 05e8 22       		.byte	34
 1542 05e9 01       		.byte	1
 1543 05ea 27       		.byte	39
 1544 05eb 40       		.byte	64
 1545 05ec 28       		.byte	40
 1546 05ed 64       		.byte	100
 1547 05ee 29       		.byte	41
 1548 05ef 20       		.byte	32
 1549 05f0 2A       		.byte	42
 1550 05f1 82       		.byte	-126
 1551 05f2 2C       		.byte	44
 1552 05f3 10       		.byte	16
 1553 05f4 2F       		.byte	47
 1554 05f5 10       		.byte	16
 1555 05f6 30       		.byte	48
 1556 05f7 28       		.byte	40
 1557 05f8 31       		.byte	49
 1558 05f9 08       		.byte	8
 1559 05fa 32       		.byte	50
 1560 05fb 40       		.byte	64
 1561 05fc 37       		.byte	55
 1562 05fd 04       		.byte	4
 1563 05fe 38       		.byte	56
 1564 05ff 40       		.byte	64
 1565 0600 39       		.byte	57
 1566 0601 02       		.byte	2
 1567 0602 3B       		.byte	59
 1568 0603 14       		.byte	20
 1569 0604 3D       		.byte	61
 1570 0605 20       		.byte	32
 1571 0606 3E       		.byte	62
 1572 0607 10       		.byte	16
 1573 0608 3F       		.byte	63
 1574 0609 80       		.byte	-128
 1575 060a 40       		.byte	64
 1576 060b 01       		.byte	1
 1577 060c 41       		.byte	65
 1578 060d 15       		.byte	21
 1579 060e 47       		.byte	71
 1580 060f 40       		.byte	64
 1581 0610 48       		.byte	72
 1582 0611 80       		.byte	-128
 1583 0612 49       		.byte	73
 1584 0613 80       		.byte	-128
 1585 0614 51       		.byte	81
 1586 0615 40       		.byte	64
 1587 0616 56       		.byte	86
 1588 0617 01       		.byte	1
 1589 0618 57       		.byte	87
 1590 0619 42       		.byte	66
 1591 061a 5A       		.byte	90
 1592 061b 02       		.byte	2
 1593 061c 60       		.byte	96
 1594 061d 84       		.byte	-124
 1595 061e 63       		.byte	99
 1596 061f 02       		.byte	2
ARM GAS  C:\Users\Jesper\AppData\Local\Temp\cc2Wu34f.s 			page 29


 1597 0620 6A       		.byte	106
 1598 0621 40       		.byte	64
 1599 0622 80       		.byte	-128
 1600 0623 80       		.byte	-128
 1601 0624 8C       		.byte	-116
 1602 0625 40       		.byte	64
 1603 0626 8D       		.byte	-115
 1604 0627 10       		.byte	16
 1605 0628 90       		.byte	-112
 1606 0629 04       		.byte	4
 1607 062a 91       		.byte	-111
 1608 062b 08       		.byte	8
 1609 062c 92       		.byte	-110
 1610 062d 10       		.byte	16
 1611 062e 94       		.byte	-108
 1612 062f 40       		.byte	64
 1613 0630 95       		.byte	-107
 1614 0631 A1       		.byte	-95
 1615 0632 9B       		.byte	-101
 1616 0633 24       		.byte	36
 1617 0634 9C       		.byte	-100
 1618 0635 10       		.byte	16
 1619 0636 9D       		.byte	-99
 1620 0637 30       		.byte	48
 1621 0638 A1       		.byte	-95
 1622 0639 01       		.byte	1
 1623 063a A2       		.byte	-94
 1624 063b 01       		.byte	1
 1625 063c A4       		.byte	-92
 1626 063d 04       		.byte	4
 1627 063e A7       		.byte	-89
 1628 063f 4A       		.byte	74
 1629 0640 C0       		.byte	-64
 1630 0641 0D       		.byte	13
 1631 0642 C2       		.byte	-62
 1632 0643 0D       		.byte	13
 1633 0644 C4       		.byte	-60
 1634 0645 0F       		.byte	15
 1635 0646 CA       		.byte	-54
 1636 0647 4F       		.byte	79
 1637 0648 CC       		.byte	-52
 1638 0649 4E       		.byte	78
 1639 064a CE       		.byte	-50
 1640 064b 3F       		.byte	63
 1641 064c D0       		.byte	-48
 1642 064d 1F       		.byte	31
 1643 064e D2       		.byte	-46
 1644 064f 08       		.byte	8
 1645 0650 D6       		.byte	-42
 1646 0651 01       		.byte	1
 1647 0652 D8       		.byte	-40
 1648 0653 0D       		.byte	13
 1649 0654 E6       		.byte	-26
 1650 0655 08       		.byte	8
 1651 0656 02       		.byte	2
 1652 0657 08       		.byte	8
 1653 0658 04       		.byte	4
ARM GAS  C:\Users\Jesper\AppData\Local\Temp\cc2Wu34f.s 			page 30


 1654 0659 0E       		.byte	14
 1655 065a 05       		.byte	5
 1656 065b 77       		.byte	119
 1657 065c 06       		.byte	6
 1658 065d 30       		.byte	48
 1659 065e 09       		.byte	9
 1660 065f 77       		.byte	119
 1661 0660 0C       		.byte	12
 1662 0661 38       		.byte	56
 1663 0662 0D       		.byte	13
 1664 0663 01       		.byte	1
 1665 0664 0E       		.byte	14
 1666 0665 02       		.byte	2
 1667 0666 10       		.byte	16
 1668 0667 3E       		.byte	62
 1669 0668 14       		.byte	20
 1670 0669 38       		.byte	56
 1671 066a 15       		.byte	21
 1672 066b 44       		.byte	68
 1673 066c 16       		.byte	22
 1674 066d 04       		.byte	4
 1675 066e 17       		.byte	23
 1676 066f 12       		.byte	18
 1677 0670 18       		.byte	24
 1678 0671 08       		.byte	8
 1679 0672 19       		.byte	25
 1680 0673 10       		.byte	16
 1681 0674 1A       		.byte	26
 1682 0675 01       		.byte	1
 1683 0676 1B       		.byte	27
 1684 0677 60       		.byte	96
 1685 0678 20       		.byte	32
 1686 0679 20       		.byte	32
 1687 067a 21       		.byte	33
 1688 067b 08       		.byte	8
 1689 067c 24       		.byte	36
 1690 067d 10       		.byte	16
 1691 067e 25       		.byte	37
 1692 067f 22       		.byte	34
 1693 0680 27       		.byte	39
 1694 0681 14       		.byte	20
 1695 0682 28       		.byte	40
 1696 0683 30       		.byte	48
 1697 0684 2E       		.byte	46
 1698 0685 06       		.byte	6
 1699 0686 30       		.byte	48
 1700 0687 01       		.byte	1
 1701 0688 31       		.byte	49
 1702 0689 01       		.byte	1
 1703 068a 33       		.byte	51
 1704 068b 06       		.byte	6
 1705 068c 34       		.byte	52
 1706 068d 3E       		.byte	62
 1707 068e 35       		.byte	53
 1708 068f 70       		.byte	112
 1709 0690 37       		.byte	55
 1710 0691 08       		.byte	8
ARM GAS  C:\Users\Jesper\AppData\Local\Temp\cc2Wu34f.s 			page 31


 1711 0692 3A       		.byte	58
 1712 0693 20       		.byte	32
 1713 0694 3F       		.byte	63
 1714 0695 40       		.byte	64
 1715 0696 56       		.byte	86
 1716 0697 02       		.byte	2
 1717 0698 57       		.byte	87
 1718 0699 11       		.byte	17
 1719 069a 58       		.byte	88
 1720 069b 04       		.byte	4
 1721 069c 59       		.byte	89
 1722 069d 04       		.byte	4
 1723 069e 5B       		.byte	91
 1724 069f 04       		.byte	4
 1725 06a0 5C       		.byte	92
 1726 06a1 11       		.byte	17
 1727 06a2 5D       		.byte	93
 1728 06a3 10       		.byte	16
 1729 06a4 5F       		.byte	95
 1730 06a5 01       		.byte	1
 1731 06a6 82       		.byte	-126
 1732 06a7 03       		.byte	3
 1733 06a8 84       		.byte	-124
 1734 06a9 10       		.byte	16
 1735 06aa 86       		.byte	-122
 1736 06ab AC       		.byte	-84
 1737 06ac 88       		.byte	-120
 1738 06ad DC       		.byte	-36
 1739 06ae 8A       		.byte	-118
 1740 06af 22       		.byte	34
 1741 06b0 8C       		.byte	-116
 1742 06b1 10       		.byte	16
 1743 06b2 8E       		.byte	-114
 1744 06b3 40       		.byte	64
 1745 06b4 98       		.byte	-104
 1746 06b5 14       		.byte	20
 1747 06b6 9C       		.byte	-100
 1748 06b7 09       		.byte	9
 1749 06b8 9E       		.byte	-98
 1750 06b9 D0       		.byte	-48
 1751 06ba A4       		.byte	-92
 1752 06bb 0C       		.byte	12
 1753 06bc A6       		.byte	-90
 1754 06bd 71       		.byte	113
 1755 06be AE       		.byte	-82
 1756 06bf 20       		.byte	32
 1757 06c0 B0       		.byte	-80
 1758 06c1 1F       		.byte	31
 1759 06c2 B4       		.byte	-76
 1760 06c3 E0       		.byte	-32
 1761 06c4 BA       		.byte	-70
 1762 06c5 20       		.byte	32
 1763 06c6 C0       		.byte	-64
 1764 06c7 25       		.byte	37
 1765 06c8 C1       		.byte	-63
 1766 06c9 03       		.byte	3
 1767 06ca C5       		.byte	-59
ARM GAS  C:\Users\Jesper\AppData\Local\Temp\cc2Wu34f.s 			page 32


 1768 06cb EB       		.byte	-21
 1769 06cc C7       		.byte	-57
 1770 06cd 0C       		.byte	12
 1771 06ce C8       		.byte	-56
 1772 06cf 13       		.byte	19
 1773 06d0 C9       		.byte	-55
 1774 06d1 FF       		.byte	-1
 1775 06d2 CA       		.byte	-54
 1776 06d3 FF       		.byte	-1
 1777 06d4 CB       		.byte	-53
 1778 06d5 FF       		.byte	-1
 1779 06d6 CE       		.byte	-50
 1780 06d7 F0       		.byte	-16
 1781 06d8 CF       		.byte	-49
 1782 06d9 44       		.byte	68
 1783 06da D0       		.byte	-48
 1784 06db 0C       		.byte	12
 1785 06dc D8       		.byte	-40
 1786 06dd 04       		.byte	4
 1787 06de DA       		.byte	-38
 1788 06df 04       		.byte	4
 1789 06e0 DC       		.byte	-36
 1790 06e1 01       		.byte	1
 1791 06e2 DD       		.byte	-35
 1792 06e3 01       		.byte	1
 1793 06e4 DF       		.byte	-33
 1794 06e5 01       		.byte	1
 1795 06e6 E6       		.byte	-26
 1796 06e7 C0       		.byte	-64
 1797 06e8 EA       		.byte	-22
 1798 06e9 40       		.byte	64
 1799 06ea EB       		.byte	-21
 1800 06eb 02       		.byte	2
 1801 06ec 00       		.byte	0
 1802 06ed 48       		.byte	72
 1803 06ee 01       		.byte	1
 1804 06ef 02       		.byte	2
 1805 06f0 05       		.byte	5
 1806 06f1 01       		.byte	1
 1807 06f2 06       		.byte	6
 1808 06f3 01       		.byte	1
 1809 06f4 07       		.byte	7
 1810 06f5 14       		.byte	20
 1811 06f6 08       		.byte	8
 1812 06f7 24       		.byte	36
 1813 06f8 09       		.byte	9
 1814 06f9 01       		.byte	1
 1815 06fa 0E       		.byte	14
 1816 06fb 02       		.byte	2
 1817 06fc 0F       		.byte	15
 1818 06fd 08       		.byte	8
 1819 06fe 10       		.byte	16
 1820 06ff A8       		.byte	-88
 1821 0700 12       		.byte	18
 1822 0701 02       		.byte	2
 1823 0702 14       		.byte	20
 1824 0703 10       		.byte	16
ARM GAS  C:\Users\Jesper\AppData\Local\Temp\cc2Wu34f.s 			page 33


 1825 0704 15       		.byte	21
 1826 0705 40       		.byte	64
 1827 0706 19       		.byte	25
 1828 0707 22       		.byte	34
 1829 0708 1D       		.byte	29
 1830 0709 01       		.byte	1
 1831 070a 1F       		.byte	31
 1832 070b 10       		.byte	16
 1833 070c 21       		.byte	33
 1834 070d 09       		.byte	9
 1835 070e 22       		.byte	34
 1836 070f 92       		.byte	-110
 1837 0710 23       		.byte	35
 1838 0711 14       		.byte	20
 1839 0712 28       		.byte	40
 1840 0713 20       		.byte	32
 1841 0714 29       		.byte	41
 1842 0715 01       		.byte	1
 1843 0716 31       		.byte	49
 1844 0717 08       		.byte	8
 1845 0718 32       		.byte	50
 1846 0719 10       		.byte	16
 1847 071a 39       		.byte	57
 1848 071b 94       		.byte	-108
 1849 071c 44       		.byte	68
 1850 071d 10       		.byte	16
 1851 071e 45       		.byte	69
 1852 071f 10       		.byte	16
 1853 0720 47       		.byte	71
 1854 0721 10       		.byte	16
 1855 0722 4D       		.byte	77
 1856 0723 41       		.byte	65
 1857 0724 4F       		.byte	79
 1858 0725 88       		.byte	-120
 1859 0726 57       		.byte	87
 1860 0727 08       		.byte	8
 1861 0728 5B       		.byte	91
 1862 0729 20       		.byte	32
 1863 072a 69       		.byte	105
 1864 072b 94       		.byte	-108
 1865 072c 70       		.byte	112
 1866 072d A8       		.byte	-88
 1867 072e 72       		.byte	114
 1868 072f 02       		.byte	2
 1869 0730 82       		.byte	-126
 1870 0731 80       		.byte	-128
 1871 0732 88       		.byte	-120
 1872 0733 20       		.byte	32
 1873 0734 90       		.byte	-112
 1874 0735 40       		.byte	64
 1875 0736 95       		.byte	-107
 1876 0737 03       		.byte	3
 1877 0738 97       		.byte	-105
 1878 0739 34       		.byte	52
 1879 073a 98       		.byte	-104
 1880 073b 14       		.byte	20
 1881 073c 9A       		.byte	-102
ARM GAS  C:\Users\Jesper\AppData\Local\Temp\cc2Wu34f.s 			page 34


 1882 073d 01       		.byte	1
 1883 073e 9B       		.byte	-101
 1884 073f 24       		.byte	36
 1885 0740 9C       		.byte	-100
 1886 0741 20       		.byte	32
 1887 0742 9D       		.byte	-99
 1888 0743 20       		.byte	32
 1889 0744 9E       		.byte	-98
 1890 0745 02       		.byte	2
 1891 0746 A0       		.byte	-96
 1892 0747 04       		.byte	4
 1893 0748 A1       		.byte	-95
 1894 0749 11       		.byte	17
 1895 074a A2       		.byte	-94
 1896 074b 01       		.byte	1
 1897 074c A3       		.byte	-93
 1898 074d 40       		.byte	64
 1899 074e A4       		.byte	-92
 1900 074f 28       		.byte	40
 1901 0750 A6       		.byte	-90
 1902 0751 02       		.byte	2
 1903 0752 A7       		.byte	-89
 1904 0753 08       		.byte	8
 1905 0754 AA       		.byte	-86
 1906 0755 40       		.byte	64
 1907 0756 B1       		.byte	-79
 1908 0757 10       		.byte	16
 1909 0758 B2       		.byte	-78
 1910 0759 80       		.byte	-128
 1911 075a C0       		.byte	-64
 1912 075b FD       		.byte	-3
 1913 075c C2       		.byte	-62
 1914 075d CE       		.byte	-50
 1915 075e C4       		.byte	-60
 1916 075f AF       		.byte	-81
 1917 0760 CA       		.byte	-54
 1918 0761 03       		.byte	3
 1919 0762 CC       		.byte	-52
 1920 0763 06       		.byte	6
 1921 0764 CE       		.byte	-50
 1922 0765 0E       		.byte	14
 1923 0766 D0       		.byte	-48
 1924 0767 60       		.byte	96
 1925 0768 D2       		.byte	-46
 1926 0769 10       		.byte	16
 1927 076a D6       		.byte	-42
 1928 076b 04       		.byte	4
 1929 076c E4       		.byte	-28
 1930 076d 04       		.byte	4
 1931 076e E8       		.byte	-24
 1932 076f 04       		.byte	4
 1933 0770 32       		.byte	50
 1934 0771 40       		.byte	64
 1935 0772 CC       		.byte	-52
 1936 0773 10       		.byte	16
 1937 0774 50       		.byte	80
 1938 0775 10       		.byte	16
ARM GAS  C:\Users\Jesper\AppData\Local\Temp\cc2Wu34f.s 			page 35


 1939 0776 57       		.byte	87
 1940 0777 01       		.byte	1
 1941 0778 96       		.byte	-106
 1942 0779 80       		.byte	-128
 1943 077a D4       		.byte	-44
 1944 077b 20       		.byte	32
 1945 077c D6       		.byte	-42
 1946 077d 20       		.byte	32
 1947 077e 80       		.byte	-128
 1948 077f 10       		.byte	16
 1949 0780 94       		.byte	-108
 1950 0781 20       		.byte	32
 1951 0782 96       		.byte	-106
 1952 0783 80       		.byte	-128
 1953 0784 B3       		.byte	-77
 1954 0785 01       		.byte	1
 1955 0786 E2       		.byte	-30
 1956 0787 20       		.byte	32
 1957 0788 68       		.byte	104
 1958 0789 80       		.byte	-128
 1959 078a 96       		.byte	-106
 1960 078b 80       		.byte	-128
 1961 078c DC       		.byte	-36
 1962 078d 20       		.byte	32
 1963 078e 8E       		.byte	-114
 1964 078f 01       		.byte	1
 1965 0790 E4       		.byte	-28
 1966 0791 02       		.byte	2
 1967 0792 52       		.byte	82
 1968 0793 20       		.byte	32
 1969 0794 5C       		.byte	92
 1970 0795 40       		.byte	64
 1971 0796 64       		.byte	100
 1972 0797 01       		.byte	1
 1973 0798 66       		.byte	102
 1974 0799 01       		.byte	1
 1975 079a 9A       		.byte	-102
 1976 079b 01       		.byte	1
 1977 079c D4       		.byte	-44
 1978 079d 04       		.byte	4
 1979 079e D6       		.byte	-42
 1980 079f 05       		.byte	5
 1981 07a0 D8       		.byte	-40
 1982 07a1 01       		.byte	1
 1983 07a2 94       		.byte	-108
 1984 07a3 40       		.byte	64
 1985 07a4 AC       		.byte	-84
 1986 07a5 01       		.byte	1
 1987 07a6 AE       		.byte	-82
 1988 07a7 20       		.byte	32
 1989 07a8 B4       		.byte	-76
 1990 07a9 40       		.byte	64
 1991 07aa E8       		.byte	-24
 1992 07ab 02       		.byte	2
 1993 07ac 67       		.byte	103
 1994 07ad 08       		.byte	8
 1995 07ae 82       		.byte	-126
ARM GAS  C:\Users\Jesper\AppData\Local\Temp\cc2Wu34f.s 			page 36


 1996 07af 40       		.byte	64
 1997 07b0 87       		.byte	-121
 1998 07b1 04       		.byte	4
 1999 07b2 96       		.byte	-106
 2000 07b3 80       		.byte	-128
 2001 07b4 A4       		.byte	-92
 2002 07b5 80       		.byte	-128
 2003 07b6 D8       		.byte	-40
 2004 07b7 80       		.byte	-128
 2005 07b8 E6       		.byte	-26
 2006 07b9 90       		.byte	-112
 2007 07ba A8       		.byte	-88
 2008 07bb 80       		.byte	-128
 2009 07bc EA       		.byte	-22
 2010 07bd 20       		.byte	32
 2011 07be 0F       		.byte	15
 2012 07bf 02       		.byte	2
 2013 07c0 62       		.byte	98
 2014 07c1 01       		.byte	1
 2015 07c2 87       		.byte	-121
 2016 07c3 01       		.byte	1
 2017 07c4 C2       		.byte	-62
 2018 07c5 01       		.byte	1
 2019 07c6 D8       		.byte	-40
 2020 07c7 02       		.byte	2
 2021 07c8 10       		.byte	16
 2022 07c9 40       		.byte	64
 2023 07ca 70       		.byte	112
 2024 07cb 01       		.byte	1
 2025 07cc 80       		.byte	-128
 2026 07cd 01       		.byte	1
 2027 07ce 88       		.byte	-120
 2028 07cf 40       		.byte	64
 2029 07d0 AA       		.byte	-86
 2030 07d1 01       		.byte	1
 2031 07d2 C4       		.byte	-60
 2032 07d3 08       		.byte	8
 2033 07d4 DC       		.byte	-36
 2034 07d5 01       		.byte	1
 2035 07d6 E2       		.byte	-30
 2036 07d7 01       		.byte	1
 2037 07d8 00       		.byte	0
 2038 07d9 FE       		.byte	-2
 2039 07da 08       		.byte	8
 2040 07db 80       		.byte	-128
 2041 07dc 0A       		.byte	10
 2042 07dd 08       		.byte	8
 2043 07de 0C       		.byte	12
 2044 07df 62       		.byte	98
 2045 07e0 0E       		.byte	14
 2046 07e1 34       		.byte	52
 2047 07e2 10       		.byte	16
 2048 07e3 02       		.byte	2
 2049 07e4 1C       		.byte	28
 2050 07e5 02       		.byte	2
 2051 07e6 00       		.byte	0
 2052 07e7 03       		.byte	3
ARM GAS  C:\Users\Jesper\AppData\Local\Temp\cc2Wu34f.s 			page 37


 2053 07e8 00       		.byte	0
 2054 07e9 00       		.byte	0
 2055 07ea 01       		.byte	1
 2056 07eb CC       		.byte	-52
 2057 07ec 12       		.byte	18
 2058 07ed CC       		.byte	-52
 2059 07ee 0C       		.byte	12
 2060 07ef 01       		.byte	1
 2061 07f0 00       		.byte	0
 2062 07f1 88       		.byte	-120
 2063 07f2 00       		.byte	0
 2064 07f3 02       		.byte	2
 2065 07f4 0C       		.byte	12
 2066 07f5 3C       		.byte	60
 2067 07f6 12       		.byte	18
 2068 07f7 C0       		.byte	-64
 2069 07f8 1E       		.byte	30
 2070 07f9 00       		.byte	0
 2071 07fa 00       		.byte	0
 2072 07fb 00       		.byte	0
 2073 07fc 0C       		.byte	12
 2074 07fd 30       		.byte	48
 2075 07fe 00       		.byte	0
 2076 07ff 00       		.byte	0
 2077 0800 00       		.byte	0
 2078 0801 10       		.byte	16
 2079 0802 00       		.byte	0
 2080 0803 00       		.byte	0
 2081 0804 08       		.byte	8
 2082 0805 FC       		.byte	-4
 2083 0806 00       		.byte	0
 2084 0807 00       		.byte	0
 2085 0808 00       		.byte	0
 2086 0809 20       		.byte	32
 2087 080a 01       		.byte	1
 2088 080b 00       		.byte	0
 2089 080c 04       		.byte	4
 2090 080d 44       		.byte	68
 2091 080e 00       		.byte	0
 2092 080f 02       		.byte	2
 2093 0810 0E       		.byte	14
 2094 0811 30       		.byte	48
 2095 0812 10       		.byte	16
 2096 0813 CC       		.byte	-52
 2097 0814 00       		.byte	0
 2098 0815 CC       		.byte	-52
 2099 0816 12       		.byte	18
 2100 0817 30       		.byte	48
 2101 0818 01       		.byte	1
 2102 0819 C0       		.byte	-64
 2103 081a 00       		.byte	0
 2104 081b 00       		.byte	0
 2105 081c 1C       		.byte	28
 2106 081d 3C       		.byte	60
 2107 081e 0E       		.byte	14
 2108 081f 03       		.byte	3
 2109 0820 00       		.byte	0
ARM GAS  C:\Users\Jesper\AppData\Local\Temp\cc2Wu34f.s 			page 38


 2110 0821 00       		.byte	0
 2111 0822 20       		.byte	32
 2112 0823 20       		.byte	32
 2113 0824 00       		.byte	0
 2114 0825 00       		.byte	0
 2115 0826 01       		.byte	1
 2116 0827 40       		.byte	64
 2117 0828 24       		.byte	36
 2118 0829 03       		.byte	3
 2119 082a 05       		.byte	5
 2120 082b 00       		.byte	0
 2121 082c 01       		.byte	1
 2122 082d C0       		.byte	-64
 2123 082e 0E       		.byte	14
 2124 082f 00       		.byte	0
 2125 0830 06       		.byte	6
 2126 0831 FF       		.byte	-1
 2127 0832 FF       		.byte	-1
 2128 0833 FF       		.byte	-1
 2129 0834 62       		.byte	98
 2130 0835 A0       		.byte	-96
 2131 0836 F0       		.byte	-16
 2132 0837 41       		.byte	65
 2133 0838 0C       		.byte	12
 2134 0839 00       		.byte	0
 2135 083a 00       		.byte	0
 2136 083b 00       		.byte	0
 2137 083c 18       		.byte	24
 2138 083d 00       		.byte	0
 2139 083e 04       		.byte	4
 2140 083f 00       		.byte	0
 2141 0840 04       		.byte	4
 2142 0841 04       		.byte	4
 2143 0842 04       		.byte	4
 2144 0843 04       		.byte	4
 2145 0844 11       		.byte	17
 2146 0845 11       		.byte	17
 2147 0846 00       		.byte	0
 2148 0847 01       		.byte	1
 2149 0848 00       		.byte	0
 2150 0849 00       		.byte	0
 2151 084a 00       		.byte	0
 2152 084b 00       		.byte	0
 2153 084c 00       		.byte	0
 2154 084d 00       		.byte	0
 2155 084e 40       		.byte	64
 2156 084f 02       		.byte	2
 2157 0850 00       		.byte	0
 2158 0851 10       		.byte	16
 2159 0852 30       		.byte	48
 2160 0853 10       		.byte	16
 2161 0854 00       		.byte	0
 2162 0855 10       		.byte	16
 2163 0856 10       		.byte	16
 2164 0857 12       		.byte	18
 2165 0858 00       		.byte	0
 2166 0859 00       		.byte	0
ARM GAS  C:\Users\Jesper\AppData\Local\Temp\cc2Wu34f.s 			page 39


 2167 085a 00       		.byte	0
 2168 085b 00       		.byte	0
 2169 085c 00       		.byte	0
 2170 085d 00       		.byte	0
 2171 085e 00       		.byte	0
 2172 085f 00       		.byte	0
 2173 0860 00       		.byte	0
 2174 0861 00       		.byte	0
 2175 0862 00       		.byte	0
 2176 0863 00       		.byte	0
 2177 0864 00       		.byte	0
 2178 0865 00       		.byte	0
 2179 0866 00       		.byte	0
 2180 0867 00       		.byte	0
 2181 0868 7C       		.byte	124
 2182 0869 7F       		.byte	127
 2183 086a 03       		.byte	3
 2184 086b 00       		.byte	0
 2185 086c 03       		.byte	3
 2186 086d 00       		.byte	0
 2187 086e 00       		.byte	0
 2188 086f 00       		.byte	0
 2189 0870 80       		.byte	-128
 2190 0871 00       		.byte	0
 2191 0872 40       		.byte	64
 2192 0873 80       		.byte	-128
 2193 0874 80       		.byte	-128
 2194 0875 00       		.byte	0
 2195 0876 80       		.byte	-128
 2196 0877 00       		.byte	0
 2197 0878 00       		.byte	0
 2198 0879 00       		.byte	0
 2199 087a 00       		.byte	0
 2200 087b 00       		.byte	0
 2201 087c 80       		.byte	-128
 2202 087d CB       		.byte	-53
 2203 087e 4B       		.byte	75
 2204 087f 00       		.byte	0
 2205 0880 40       		.byte	64
 2206 0881 00       		.byte	0
 2207 0882 00       		.byte	0
 2208 0883 00       		.byte	0
 2209 0884 00       		.byte	0
 2210 0885 59       		.byte	89
 2211 0886 59       		.byte	89
 2212 0887 00       		.byte	0
 2213 0888 59       		.byte	89
 2214 0889 00       		.byte	0
 2215 088a 00       		.byte	0
 2216 088b 00       		.byte	0
 2217              		.section	.cywolatch,"a",%progbits
 2218              		.align	2
 2219              		.type	cy_meta_wonvl, %object
 2220              		.size	cy_meta_wonvl, 4
 2221              	cy_meta_wonvl:
 2222 0000 BC       		.byte	-68
 2223 0001 90       		.byte	-112
ARM GAS  C:\Users\Jesper\AppData\Local\Temp\cc2Wu34f.s 			page 40


 2224 0002 AC       		.byte	-84
 2225 0003 AF       		.byte	-81
 2226              		.section	.cycustnvl,"a",%progbits
 2227              		.align	2
 2228              		.type	cy_meta_custnvl, %object
 2229              		.size	cy_meta_custnvl, 4
 2230              	cy_meta_custnvl:
 2231 0000 00       		.byte	0
 2232 0001 00       		.byte	0
 2233 0002 40       		.byte	64
 2234 0003 05       		.byte	5
 2235              		.section	.cymeta,"a",%progbits
 2236              		.align	2
 2237              		.type	cy_metadata, %object
 2238              		.size	cy_metadata, 12
 2239              	cy_metadata:
 2240 0000 00       		.byte	0
 2241 0001 01       		.byte	1
 2242 0002 2E       		.byte	46
 2243 0003 16       		.byte	22
 2244 0004 10       		.byte	16
 2245 0005 69       		.byte	105
 2246 0006 00       		.byte	0
 2247 0007 01       		.byte	1
 2248 0008 00       		.byte	0
 2249 0009 00       		.byte	0
 2250 000a 00       		.byte	0
 2251 000b 00       		.byte	0
 2252              		.section	.cyflashprotect,"a",%progbits
 2253              		.align	2
 2254              		.type	cy_meta_flashprotect, %object
 2255              		.size	cy_meta_flashprotect, 256
 2256              	cy_meta_flashprotect:
 2257 0000 00000000 		.space	256
 2257      00000000 
 2257      00000000 
 2257      00000000 
 2257      00000000 
 2258              		.text
 2259              	.Letext0:
 2260              		.file 1 "c:\\program files (x86)\\cypress\\psoc creator\\4.2\\psoc creator\\import\\gnu\\arm\\5.4.
 2261              		.file 2 "c:\\program files (x86)\\cypress\\psoc creator\\4.2\\psoc creator\\import\\gnu\\arm\\5.4.
 2262              		.file 3 "Generated_Source\\PSoC5\\cymetadata.c"
 2263              		.section	.debug_info,"",%progbits
 2264              	.Ldebug_info0:
 2265 0000 35010000 		.4byte	0x135
 2266 0004 0400     		.2byte	0x4
 2267 0006 00000000 		.4byte	.Ldebug_abbrev0
 2268 000a 04       		.byte	0x4
 2269 000b 01       		.uleb128 0x1
 2270 000c 24000000 		.4byte	.LASF17
 2271 0010 0C       		.byte	0xc
 2272 0011 DC010000 		.4byte	.LASF18
 2273 0015 72010000 		.4byte	.LASF19
 2274 0019 00000000 		.4byte	.Ldebug_line0
 2275 001d 02       		.uleb128 0x2
 2276 001e 01       		.byte	0x1
ARM GAS  C:\Users\Jesper\AppData\Local\Temp\cc2Wu34f.s 			page 41


 2277 001f 06       		.byte	0x6
 2278 0020 D0010000 		.4byte	.LASF0
 2279 0024 03       		.uleb128 0x3
 2280 0025 00000000 		.4byte	.LASF9
 2281 0029 01       		.byte	0x1
 2282 002a 1D       		.byte	0x1d
 2283 002b 2F000000 		.4byte	0x2f
 2284 002f 02       		.uleb128 0x2
 2285 0030 01       		.byte	0x1
 2286 0031 08       		.byte	0x8
 2287 0032 16000000 		.4byte	.LASF1
 2288 0036 02       		.uleb128 0x2
 2289 0037 02       		.byte	0x2
 2290 0038 05       		.byte	0x5
 2291 0039 5F010000 		.4byte	.LASF2
 2292 003d 02       		.uleb128 0x2
 2293 003e 02       		.byte	0x2
 2294 003f 07       		.byte	0x7
 2295 0040 C4000000 		.4byte	.LASF3
 2296 0044 02       		.uleb128 0x2
 2297 0045 04       		.byte	0x4
 2298 0046 05       		.byte	0x5
 2299 0047 69010000 		.4byte	.LASF4
 2300 004b 02       		.uleb128 0x2
 2301 004c 04       		.byte	0x4
 2302 004d 07       		.byte	0x7
 2303 004e B2000000 		.4byte	.LASF5
 2304 0052 02       		.uleb128 0x2
 2305 0053 08       		.byte	0x8
 2306 0054 05       		.byte	0x5
 2307 0055 51010000 		.4byte	.LASF6
 2308 0059 02       		.uleb128 0x2
 2309 005a 08       		.byte	0x8
 2310 005b 07       		.byte	0x7
 2311 005c 06010000 		.4byte	.LASF7
 2312 0060 04       		.uleb128 0x4
 2313 0061 04       		.byte	0x4
 2314 0062 05       		.byte	0x5
 2315 0063 696E7400 		.ascii	"int\000"
 2316 0067 02       		.uleb128 0x2
 2317 0068 04       		.byte	0x4
 2318 0069 07       		.byte	0x7
 2319 006a F9000000 		.4byte	.LASF8
 2320 006e 03       		.uleb128 0x3
 2321 006f 1D010000 		.4byte	.LASF10
 2322 0073 02       		.byte	0x2
 2323 0074 18       		.byte	0x18
 2324 0075 24000000 		.4byte	0x24
 2325 0079 05       		.uleb128 0x5
 2326 007a 91000000 		.4byte	0x91
 2327 007e 8A000000 		.4byte	0x8a
 2328 0082 06       		.uleb128 0x6
 2329 0083 8A000000 		.4byte	0x8a
 2330 0087 8B08     		.2byte	0x88b
 2331 0089 00       		.byte	0
 2332 008a 02       		.uleb128 0x2
 2333 008b 04       		.byte	0x4
ARM GAS  C:\Users\Jesper\AppData\Local\Temp\cc2Wu34f.s 			page 42


 2334 008c 07       		.byte	0x7
 2335 008d 48010000 		.4byte	.LASF11
 2336 0091 07       		.uleb128 0x7
 2337 0092 6E000000 		.4byte	0x6e
 2338 0096 08       		.uleb128 0x8
 2339 0097 E7000000 		.4byte	.LASF12
 2340 009b 03       		.byte	0x3
 2341 009c 1F       		.byte	0x1f
 2342 009d A7000000 		.4byte	0xa7
 2343 00a1 05       		.uleb128 0x5
 2344 00a2 03       		.byte	0x3
 2345 00a3 00000000 		.4byte	cy_meta_configecc
 2346 00a7 07       		.uleb128 0x7
 2347 00a8 79000000 		.4byte	0x79
 2348 00ac 05       		.uleb128 0x5
 2349 00ad 91000000 		.4byte	0x91
 2350 00b1 BC000000 		.4byte	0xbc
 2351 00b5 09       		.uleb128 0x9
 2352 00b6 8A000000 		.4byte	0x8a
 2353 00ba 03       		.byte	0x3
 2354 00bb 00       		.byte	0
 2355 00bc 0A       		.uleb128 0xa
 2356 00bd D7000000 		.4byte	.LASF13
 2357 00c1 03       		.byte	0x3
 2358 00c2 3E01     		.2byte	0x13e
 2359 00c4 CE000000 		.4byte	0xce
 2360 00c8 05       		.uleb128 0x5
 2361 00c9 03       		.byte	0x3
 2362 00ca 00000000 		.4byte	cy_meta_custnvl
 2363 00ce 07       		.uleb128 0x7
 2364 00cf AC000000 		.4byte	0xac
 2365 00d3 0A       		.uleb128 0xa
 2366 00d4 3A010000 		.4byte	.LASF14
 2367 00d8 03       		.byte	0x3
 2368 00d9 4C01     		.2byte	0x14c
 2369 00db E5000000 		.4byte	0xe5
 2370 00df 05       		.uleb128 0x5
 2371 00e0 03       		.byte	0x3
 2372 00e1 00000000 		.4byte	cy_meta_wonvl
 2373 00e5 07       		.uleb128 0x7
 2374 00e6 AC000000 		.4byte	0xac
 2375 00ea 05       		.uleb128 0x5
 2376 00eb 91000000 		.4byte	0x91
 2377 00ef FA000000 		.4byte	0xfa
 2378 00f3 09       		.uleb128 0x9
 2379 00f4 8A000000 		.4byte	0x8a
 2380 00f8 FF       		.byte	0xff
 2381 00f9 00       		.byte	0
 2382 00fa 0A       		.uleb128 0xa
 2383 00fb 25010000 		.4byte	.LASF15
 2384 00ff 03       		.byte	0x3
 2385 0100 5A01     		.2byte	0x15a
 2386 0102 0C010000 		.4byte	0x10c
 2387 0106 05       		.uleb128 0x5
 2388 0107 03       		.byte	0x3
 2389 0108 00000000 		.4byte	cy_meta_flashprotect
 2390 010c 07       		.uleb128 0x7
ARM GAS  C:\Users\Jesper\AppData\Local\Temp\cc2Wu34f.s 			page 43


 2391 010d EA000000 		.4byte	0xea
 2392 0111 05       		.uleb128 0x5
 2393 0112 91000000 		.4byte	0x91
 2394 0116 21010000 		.4byte	0x121
 2395 011a 09       		.uleb128 0x9
 2396 011b 8A000000 		.4byte	0x8a
 2397 011f 0B       		.byte	0xb
 2398 0120 00       		.byte	0
 2399 0121 0A       		.uleb128 0xa
 2400 0122 0A000000 		.4byte	.LASF16
 2401 0126 03       		.byte	0x3
 2402 0127 8701     		.2byte	0x187
 2403 0129 33010000 		.4byte	0x133
 2404 012d 05       		.uleb128 0x5
 2405 012e 03       		.byte	0x3
 2406 012f 00000000 		.4byte	cy_metadata
 2407 0133 07       		.uleb128 0x7
 2408 0134 11010000 		.4byte	0x111
 2409 0138 00       		.byte	0
 2410              		.section	.debug_abbrev,"",%progbits
 2411              	.Ldebug_abbrev0:
 2412 0000 01       		.uleb128 0x1
 2413 0001 11       		.uleb128 0x11
 2414 0002 01       		.byte	0x1
 2415 0003 25       		.uleb128 0x25
 2416 0004 0E       		.uleb128 0xe
 2417 0005 13       		.uleb128 0x13
 2418 0006 0B       		.uleb128 0xb
 2419 0007 03       		.uleb128 0x3
 2420 0008 0E       		.uleb128 0xe
 2421 0009 1B       		.uleb128 0x1b
 2422 000a 0E       		.uleb128 0xe
 2423 000b 10       		.uleb128 0x10
 2424 000c 17       		.uleb128 0x17
 2425 000d 00       		.byte	0
 2426 000e 00       		.byte	0
 2427 000f 02       		.uleb128 0x2
 2428 0010 24       		.uleb128 0x24
 2429 0011 00       		.byte	0
 2430 0012 0B       		.uleb128 0xb
 2431 0013 0B       		.uleb128 0xb
 2432 0014 3E       		.uleb128 0x3e
 2433 0015 0B       		.uleb128 0xb
 2434 0016 03       		.uleb128 0x3
 2435 0017 0E       		.uleb128 0xe
 2436 0018 00       		.byte	0
 2437 0019 00       		.byte	0
 2438 001a 03       		.uleb128 0x3
 2439 001b 16       		.uleb128 0x16
 2440 001c 00       		.byte	0
 2441 001d 03       		.uleb128 0x3
 2442 001e 0E       		.uleb128 0xe
 2443 001f 3A       		.uleb128 0x3a
 2444 0020 0B       		.uleb128 0xb
 2445 0021 3B       		.uleb128 0x3b
 2446 0022 0B       		.uleb128 0xb
 2447 0023 49       		.uleb128 0x49
ARM GAS  C:\Users\Jesper\AppData\Local\Temp\cc2Wu34f.s 			page 44


 2448 0024 13       		.uleb128 0x13
 2449 0025 00       		.byte	0
 2450 0026 00       		.byte	0
 2451 0027 04       		.uleb128 0x4
 2452 0028 24       		.uleb128 0x24
 2453 0029 00       		.byte	0
 2454 002a 0B       		.uleb128 0xb
 2455 002b 0B       		.uleb128 0xb
 2456 002c 3E       		.uleb128 0x3e
 2457 002d 0B       		.uleb128 0xb
 2458 002e 03       		.uleb128 0x3
 2459 002f 08       		.uleb128 0x8
 2460 0030 00       		.byte	0
 2461 0031 00       		.byte	0
 2462 0032 05       		.uleb128 0x5
 2463 0033 01       		.uleb128 0x1
 2464 0034 01       		.byte	0x1
 2465 0035 49       		.uleb128 0x49
 2466 0036 13       		.uleb128 0x13
 2467 0037 01       		.uleb128 0x1
 2468 0038 13       		.uleb128 0x13
 2469 0039 00       		.byte	0
 2470 003a 00       		.byte	0
 2471 003b 06       		.uleb128 0x6
 2472 003c 21       		.uleb128 0x21
 2473 003d 00       		.byte	0
 2474 003e 49       		.uleb128 0x49
 2475 003f 13       		.uleb128 0x13
 2476 0040 2F       		.uleb128 0x2f
 2477 0041 05       		.uleb128 0x5
 2478 0042 00       		.byte	0
 2479 0043 00       		.byte	0
 2480 0044 07       		.uleb128 0x7
 2481 0045 26       		.uleb128 0x26
 2482 0046 00       		.byte	0
 2483 0047 49       		.uleb128 0x49
 2484 0048 13       		.uleb128 0x13
 2485 0049 00       		.byte	0
 2486 004a 00       		.byte	0
 2487 004b 08       		.uleb128 0x8
 2488 004c 34       		.uleb128 0x34
 2489 004d 00       		.byte	0
 2490 004e 03       		.uleb128 0x3
 2491 004f 0E       		.uleb128 0xe
 2492 0050 3A       		.uleb128 0x3a
 2493 0051 0B       		.uleb128 0xb
 2494 0052 3B       		.uleb128 0x3b
 2495 0053 0B       		.uleb128 0xb
 2496 0054 49       		.uleb128 0x49
 2497 0055 13       		.uleb128 0x13
 2498 0056 3F       		.uleb128 0x3f
 2499 0057 19       		.uleb128 0x19
 2500 0058 02       		.uleb128 0x2
 2501 0059 18       		.uleb128 0x18
 2502 005a 00       		.byte	0
 2503 005b 00       		.byte	0
 2504 005c 09       		.uleb128 0x9
ARM GAS  C:\Users\Jesper\AppData\Local\Temp\cc2Wu34f.s 			page 45


 2505 005d 21       		.uleb128 0x21
 2506 005e 00       		.byte	0
 2507 005f 49       		.uleb128 0x49
 2508 0060 13       		.uleb128 0x13
 2509 0061 2F       		.uleb128 0x2f
 2510 0062 0B       		.uleb128 0xb
 2511 0063 00       		.byte	0
 2512 0064 00       		.byte	0
 2513 0065 0A       		.uleb128 0xa
 2514 0066 34       		.uleb128 0x34
 2515 0067 00       		.byte	0
 2516 0068 03       		.uleb128 0x3
 2517 0069 0E       		.uleb128 0xe
 2518 006a 3A       		.uleb128 0x3a
 2519 006b 0B       		.uleb128 0xb
 2520 006c 3B       		.uleb128 0x3b
 2521 006d 05       		.uleb128 0x5
 2522 006e 49       		.uleb128 0x49
 2523 006f 13       		.uleb128 0x13
 2524 0070 3F       		.uleb128 0x3f
 2525 0071 19       		.uleb128 0x19
 2526 0072 02       		.uleb128 0x2
 2527 0073 18       		.uleb128 0x18
 2528 0074 00       		.byte	0
 2529 0075 00       		.byte	0
 2530 0076 00       		.byte	0
 2531              		.section	.debug_aranges,"",%progbits
 2532 0000 14000000 		.4byte	0x14
 2533 0004 0200     		.2byte	0x2
 2534 0006 00000000 		.4byte	.Ldebug_info0
 2535 000a 04       		.byte	0x4
 2536 000b 00       		.byte	0
 2537 000c 0000     		.2byte	0
 2538 000e 0000     		.2byte	0
 2539 0010 00000000 		.4byte	0
 2540 0014 00000000 		.4byte	0
 2541              		.section	.debug_line,"",%progbits
 2542              	.Ldebug_line0:
 2543 0000 3D010000 		.section	.debug_str,"MS",%progbits,1
 2543      02003701 
 2543      00000201 
 2543      FB0E0D00 
 2543      01010101 
 2544              	.LASF9:
 2545 0000 5F5F7569 		.ascii	"__uint8_t\000"
 2545      6E74385F 
 2545      7400
 2546              	.LASF16:
 2547 000a 63795F6D 		.ascii	"cy_metadata\000"
 2547      65746164 
 2547      61746100 
 2548              	.LASF1:
 2549 0016 756E7369 		.ascii	"unsigned char\000"
 2549      676E6564 
 2549      20636861 
 2549      7200
 2550              	.LASF17:
ARM GAS  C:\Users\Jesper\AppData\Local\Temp\cc2Wu34f.s 			page 46


 2551 0024 474E5520 		.ascii	"GNU C11 5.4.1 20160609 (release) [ARM/embedded-5-br"
 2551      43313120 
 2551      352E342E 
 2551      31203230 
 2551      31363036 
 2552 0057 616E6368 		.ascii	"anch revision 237715] -mcpu=cortex-m3 -mthumb -g -O"
 2552      20726576 
 2552      6973696F 
 2552      6E203233 
 2552      37373135 
 2553 008a 67202D66 		.ascii	"g -ffunction-sections -ffat-lto-objects\000"
 2553      66756E63 
 2553      74696F6E 
 2553      2D736563 
 2553      74696F6E 
 2554              	.LASF5:
 2555 00b2 6C6F6E67 		.ascii	"long unsigned int\000"
 2555      20756E73 
 2555      69676E65 
 2555      6420696E 
 2555      7400
 2556              	.LASF3:
 2557 00c4 73686F72 		.ascii	"short unsigned int\000"
 2557      7420756E 
 2557      7369676E 
 2557      65642069 
 2557      6E7400
 2558              	.LASF13:
 2559 00d7 63795F6D 		.ascii	"cy_meta_custnvl\000"
 2559      6574615F 
 2559      63757374 
 2559      6E766C00 
 2560              	.LASF12:
 2561 00e7 63795F6D 		.ascii	"cy_meta_configecc\000"
 2561      6574615F 
 2561      636F6E66 
 2561      69676563 
 2561      6300
 2562              	.LASF8:
 2563 00f9 756E7369 		.ascii	"unsigned int\000"
 2563      676E6564 
 2563      20696E74 
 2563      00
 2564              	.LASF7:
 2565 0106 6C6F6E67 		.ascii	"long long unsigned int\000"
 2565      206C6F6E 
 2565      6720756E 
 2565      7369676E 
 2565      65642069 
 2566              	.LASF10:
 2567 011d 75696E74 		.ascii	"uint8_t\000"
 2567      385F7400 
 2568              	.LASF15:
 2569 0125 63795F6D 		.ascii	"cy_meta_flashprotect\000"
 2569      6574615F 
 2569      666C6173 
 2569      6870726F 
ARM GAS  C:\Users\Jesper\AppData\Local\Temp\cc2Wu34f.s 			page 47


 2569      74656374 
 2570              	.LASF14:
 2571 013a 63795F6D 		.ascii	"cy_meta_wonvl\000"
 2571      6574615F 
 2571      776F6E76 
 2571      6C00
 2572              	.LASF11:
 2573 0148 73697A65 		.ascii	"sizetype\000"
 2573      74797065 
 2573      00
 2574              	.LASF6:
 2575 0151 6C6F6E67 		.ascii	"long long int\000"
 2575      206C6F6E 
 2575      6720696E 
 2575      7400
 2576              	.LASF2:
 2577 015f 73686F72 		.ascii	"short int\000"
 2577      7420696E 
 2577      7400
 2578              	.LASF4:
 2579 0169 6C6F6E67 		.ascii	"long int\000"
 2579      20696E74 
 2579      00
 2580              	.LASF19:
 2581 0172 433A5C55 		.ascii	"C:\\Users\\Jesper\\OneDrive - Aarhus universitet\\E"
 2581      73657273 
 2581      5C4A6573 
 2581      7065725C 
 2581      4F6E6544 
 2582 01a1 6C656B74 		.ascii	"lektronik\\3-Semester\\PROJEKT3\\ProjektBIL.cydsn\000"
 2582      726F6E69 
 2582      6B5C332D 
 2582      53656D65 
 2582      73746572 
 2583              	.LASF0:
 2584 01d0 7369676E 		.ascii	"signed char\000"
 2584      65642063 
 2584      68617200 
 2585              	.LASF18:
 2586 01dc 47656E65 		.ascii	"Generated_Source\\PSoC5\\cymetadata.c\000"
 2586      72617465 
 2586      645F536F 
 2586      75726365 
 2586      5C50536F 
 2587              		.ident	"GCC: (GNU Tools for ARM Embedded Processors) 5.4.1 20160609 (release) [ARM/embedded-5-bran
