ARM GAS  C:\Users\Jesper\AppData\Local\Temp\ccRh7T68.s 			page 1


   1              		.syntax unified
   2              		.cpu cortex-m3
   3              		.fpu softvfp
   4              		.eabi_attribute 20, 1
   5              		.eabi_attribute 21, 1
   6              		.eabi_attribute 23, 3
   7              		.eabi_attribute 24, 1
   8              		.eabi_attribute 25, 1
   9              		.eabi_attribute 26, 1
  10              		.eabi_attribute 30, 1
  11              		.eabi_attribute 34, 1
  12              		.eabi_attribute 18, 4
  13              		.thumb
  14              		.syntax unified
  15              		.file	"Sensor.c"
  16              		.text
  17              	.Ltext0:
  18              		.cfi_sections	.debug_frame
  19              		.global	__aeabi_f2d
  20              		.section	.text.writesToUART,"ax",%progbits
  21              		.align	2
  22              		.global	writesToUART
  23              		.thumb
  24              		.thumb_func
  25              		.type	writesToUART, %function
  26              	writesToUART:
  27              	.LFB64:
  28              		.file 1 "Sensor.c"
   1:Sensor.c      **** /* ========================================
   2:Sensor.c      ****  *
   3:Sensor.c      ****  * Copyright YOUR COMPANY, THE YEAR
   4:Sensor.c      ****  * All Rights Reserved
   5:Sensor.c      ****  * UNPUBLISHED, LICENSED SOFTWARE.
   6:Sensor.c      ****  *
   7:Sensor.c      ****  * CONFIDENTIAL AND PROPRIETARY INFORMATION
   8:Sensor.c      ****  * WHICH IS THE PROPERTY OF your company.
   9:Sensor.c      ****  *
  10:Sensor.c      ****  * ========================================*/
  11:Sensor.c      **** #include <stdio.h>
  12:Sensor.c      **** #include <stdlib.h>
  13:Sensor.c      **** #include "project.h"
  14:Sensor.c      **** #include "Sensor.h"
  15:Sensor.c      **** 
  16:Sensor.c      **** 
  17:Sensor.c      **** void writesToUART(float dis)
  18:Sensor.c      **** {    
  29              		.loc 1 18 0
  30              		.cfi_startproc
  31              		@ args = 0, pretend = 0, frame = 512
  32              		@ frame_needed = 0, uses_anonymous_args = 0
  33              	.LVL0:
  34 0000 00B5     		push	{lr}
  35              		.cfi_def_cfa_offset 4
  36              		.cfi_offset 14, -4
  37 0002 ADF5037D 		sub	sp, sp, #524
  38              		.cfi_def_cfa_offset 528
  19:Sensor.c      ****     
ARM GAS  C:\Users\Jesper\AppData\Local\Temp\ccRh7T68.s 			page 2


  20:Sensor.c      ****     char disbuff[512];             // Opret char-array
  21:Sensor.c      ****     
  22:Sensor.c      ****     snprintf(disbuff, sizeof(disbuff), "distance: %.1f cm\r\n", dis);  // Læg udskriften i char-ar
  39              		.loc 1 22 0
  40 0006 FFF7FEFF 		bl	__aeabi_f2d
  41              	.LVL1:
  42 000a CDE90001 		strd	r0, [sp]
  43 000e 064A     		ldr	r2, .L3
  44 0010 4FF40071 		mov	r1, #512
  45 0014 02A8     		add	r0, sp, #8
  46 0016 FFF7FEFF 		bl	snprintf
  47              	.LVL2:
  23:Sensor.c      ****     
  24:Sensor.c      ****     UART_1_PutString(disbuff);     // Udskriv char-array
  48              		.loc 1 24 0
  49 001a 02A8     		add	r0, sp, #8
  50 001c FFF7FEFF 		bl	UART_1_PutString
  51              	.LVL3:
  25:Sensor.c      **** }
  52              		.loc 1 25 0
  53 0020 0DF5037D 		add	sp, sp, #524
  54              		.cfi_def_cfa_offset 4
  55              		@ sp needed
  56 0024 5DF804FB 		ldr	pc, [sp], #4
  57              	.L4:
  58              		.align	2
  59              	.L3:
  60 0028 00000000 		.word	.LC0
  61              		.cfi_endproc
  62              	.LFE64:
  63              		.size	writesToUART, .-writesToUART
  64              		.section	.rodata.str1.4,"aMS",%progbits,1
  65              		.align	2
  66              	.LC0:
  67 0000 64697374 		.ascii	"distance: %.1f cm\015\012\000"
  67      616E6365 
  67      3A20252E 
  67      31662063 
  67      6D0D0A00 
  68              		.text
  69              	.Letext0:
  70              		.file 2 "c:\\program files (x86)\\cypress\\psoc creator\\4.2\\psoc creator\\import\\gnu\\arm\\5.4.
  71              		.file 3 "c:\\program files (x86)\\cypress\\psoc creator\\4.2\\psoc creator\\import\\gnu\\arm\\5.4.
  72              		.file 4 "c:\\program files (x86)\\cypress\\psoc creator\\4.2\\psoc creator\\import\\gnu\\arm\\5.4.
  73              		.file 5 "Generated_Source\\PSoC5/UART_1.h"
  74              		.file 6 "Generated_Source\\PSoC5/core_cm3.h"
  75              		.section	.debug_info,"",%progbits
  76              	.Ldebug_info0:
  77 0000 43010000 		.4byte	0x143
  78 0004 0400     		.2byte	0x4
  79 0006 00000000 		.4byte	.Ldebug_abbrev0
  80 000a 04       		.byte	0x4
  81 000b 01       		.uleb128 0x1
  82 000c 2E000000 		.4byte	.LASF18
  83 0010 0C       		.byte	0xc
  84 0011 23010000 		.4byte	.LASF19
  85 0015 2C010000 		.4byte	.LASF20
ARM GAS  C:\Users\Jesper\AppData\Local\Temp\ccRh7T68.s 			page 3


  86 0019 00000000 		.4byte	.Ldebug_ranges0+0
  87 001d 00000000 		.4byte	0
  88 0021 00000000 		.4byte	.Ldebug_line0
  89 0025 02       		.uleb128 0x2
  90 0026 04       		.byte	0x4
  91 0027 04       		.byte	0x4
  92 0028 CD010000 		.4byte	.LASF0
  93 002c 02       		.uleb128 0x2
  94 002d 01       		.byte	0x1
  95 002e 06       		.byte	0x6
  96 002f AB010000 		.4byte	.LASF1
  97 0033 02       		.uleb128 0x2
  98 0034 01       		.byte	0x1
  99 0035 08       		.byte	0x8
 100 0036 07010000 		.4byte	.LASF2
 101 003a 02       		.uleb128 0x2
 102 003b 02       		.byte	0x2
 103 003c 05       		.byte	0x5
 104 003d D3010000 		.4byte	.LASF3
 105 0041 02       		.uleb128 0x2
 106 0042 02       		.byte	0x2
 107 0043 07       		.byte	0x7
 108 0044 0E000000 		.4byte	.LASF4
 109 0048 03       		.uleb128 0x3
 110 0049 C3010000 		.4byte	.LASF13
 111 004d 02       		.byte	0x2
 112 004e 3F       		.byte	0x3f
 113 004f 53000000 		.4byte	0x53
 114 0053 02       		.uleb128 0x2
 115 0054 04       		.byte	0x4
 116 0055 05       		.byte	0x5
 117 0056 1A010000 		.4byte	.LASF5
 118 005a 02       		.uleb128 0x2
 119 005b 04       		.byte	0x4
 120 005c 07       		.byte	0x7
 121 005d BC000000 		.4byte	.LASF6
 122 0061 02       		.uleb128 0x2
 123 0062 08       		.byte	0x8
 124 0063 05       		.byte	0x5
 125 0064 00000000 		.4byte	.LASF7
 126 0068 02       		.uleb128 0x2
 127 0069 08       		.byte	0x8
 128 006a 07       		.byte	0x7
 129 006b CE000000 		.4byte	.LASF8
 130 006f 04       		.uleb128 0x4
 131 0070 04       		.byte	0x4
 132 0071 05       		.byte	0x5
 133 0072 696E7400 		.ascii	"int\000"
 134 0076 02       		.uleb128 0x2
 135 0077 04       		.byte	0x4
 136 0078 07       		.byte	0x7
 137 0079 21000000 		.4byte	.LASF9
 138 007d 02       		.uleb128 0x2
 139 007e 08       		.byte	0x8
 140 007f 04       		.byte	0x4
 141 0080 B7010000 		.4byte	.LASF10
 142 0084 02       		.uleb128 0x2
ARM GAS  C:\Users\Jesper\AppData\Local\Temp\ccRh7T68.s 			page 4


 143 0085 04       		.byte	0x4
 144 0086 07       		.byte	0x7
 145 0087 E5010000 		.4byte	.LASF11
 146 008b 02       		.uleb128 0x2
 147 008c 01       		.byte	0x1
 148 008d 08       		.byte	0x8
 149 008e 15010000 		.4byte	.LASF12
 150 0092 03       		.uleb128 0x3
 151 0093 DD010000 		.4byte	.LASF14
 152 0097 03       		.byte	0x3
 153 0098 2C       		.byte	0x2c
 154 0099 48000000 		.4byte	0x48
 155 009d 02       		.uleb128 0x2
 156 009e 08       		.byte	0x8
 157 009f 04       		.byte	0x4
 158 00a0 8A010000 		.4byte	.LASF15
 159 00a4 05       		.uleb128 0x5
 160 00a5 91010000 		.4byte	.LASF21
 161 00a9 01       		.byte	0x1
 162 00aa 11       		.byte	0x11
 163 00ab 00000000 		.4byte	.LFB64
 164 00af 2C000000 		.4byte	.LFE64-.LFB64
 165 00b3 01       		.uleb128 0x1
 166 00b4 9C       		.byte	0x9c
 167 00b5 0E010000 		.4byte	0x10e
 168 00b9 06       		.uleb128 0x6
 169 00ba 64697300 		.ascii	"dis\000"
 170 00be 01       		.byte	0x1
 171 00bf 11       		.byte	0x11
 172 00c0 25000000 		.4byte	0x25
 173 00c4 00000000 		.4byte	.LLST0
 174 00c8 07       		.uleb128 0x7
 175 00c9 FF000000 		.4byte	.LASF22
 176 00cd 01       		.byte	0x1
 177 00ce 14       		.byte	0x14
 178 00cf 0E010000 		.4byte	0x10e
 179 00d3 03       		.uleb128 0x3
 180 00d4 91       		.byte	0x91
 181 00d5 F87B     		.sleb128 -520
 182 00d7 08       		.uleb128 0x8
 183 00d8 1A000000 		.4byte	.LVL2
 184 00dc 30010000 		.4byte	0x130
 185 00e0 FC000000 		.4byte	0xfc
 186 00e4 09       		.uleb128 0x9
 187 00e5 01       		.uleb128 0x1
 188 00e6 50       		.byte	0x50
 189 00e7 03       		.uleb128 0x3
 190 00e8 91       		.byte	0x91
 191 00e9 F87B     		.sleb128 -520
 192 00eb 09       		.uleb128 0x9
 193 00ec 01       		.uleb128 0x1
 194 00ed 51       		.byte	0x51
 195 00ee 03       		.uleb128 0x3
 196 00ef 0A       		.byte	0xa
 197 00f0 0002     		.2byte	0x200
 198 00f2 09       		.uleb128 0x9
 199 00f3 01       		.uleb128 0x1
ARM GAS  C:\Users\Jesper\AppData\Local\Temp\ccRh7T68.s 			page 5


 200 00f4 52       		.byte	0x52
 201 00f5 05       		.uleb128 0x5
 202 00f6 03       		.byte	0x3
 203 00f7 00000000 		.4byte	.LC0
 204 00fb 00       		.byte	0
 205 00fc 0A       		.uleb128 0xa
 206 00fd 20000000 		.4byte	.LVL3
 207 0101 3B010000 		.4byte	0x13b
 208 0105 09       		.uleb128 0x9
 209 0106 01       		.uleb128 0x1
 210 0107 50       		.byte	0x50
 211 0108 03       		.uleb128 0x3
 212 0109 91       		.byte	0x91
 213 010a F87B     		.sleb128 -520
 214 010c 00       		.byte	0
 215 010d 00       		.byte	0
 216 010e 0B       		.uleb128 0xb
 217 010f 8B000000 		.4byte	0x8b
 218 0113 1F010000 		.4byte	0x11f
 219 0117 0C       		.uleb128 0xc
 220 0118 84000000 		.4byte	0x84
 221 011c FF01     		.2byte	0x1ff
 222 011e 00       		.byte	0
 223 011f 0D       		.uleb128 0xd
 224 0120 9E010000 		.4byte	.LASF23
 225 0124 06       		.byte	0x6
 226 0125 1207     		.2byte	0x712
 227 0127 2B010000 		.4byte	0x12b
 228 012b 0E       		.uleb128 0xe
 229 012c 92000000 		.4byte	0x92
 230 0130 0F       		.uleb128 0xf
 231 0131 E5000000 		.4byte	.LASF16
 232 0135 E5000000 		.4byte	.LASF16
 233 0139 04       		.byte	0x4
 234 013a FD       		.byte	0xfd
 235 013b 0F       		.uleb128 0xf
 236 013c EE000000 		.4byte	.LASF17
 237 0140 EE000000 		.4byte	.LASF17
 238 0144 05       		.byte	0x5
 239 0145 8B       		.byte	0x8b
 240 0146 00       		.byte	0
 241              		.section	.debug_abbrev,"",%progbits
 242              	.Ldebug_abbrev0:
 243 0000 01       		.uleb128 0x1
 244 0001 11       		.uleb128 0x11
 245 0002 01       		.byte	0x1
 246 0003 25       		.uleb128 0x25
 247 0004 0E       		.uleb128 0xe
 248 0005 13       		.uleb128 0x13
 249 0006 0B       		.uleb128 0xb
 250 0007 03       		.uleb128 0x3
 251 0008 0E       		.uleb128 0xe
 252 0009 1B       		.uleb128 0x1b
 253 000a 0E       		.uleb128 0xe
 254 000b 55       		.uleb128 0x55
 255 000c 17       		.uleb128 0x17
 256 000d 11       		.uleb128 0x11
ARM GAS  C:\Users\Jesper\AppData\Local\Temp\ccRh7T68.s 			page 6


 257 000e 01       		.uleb128 0x1
 258 000f 10       		.uleb128 0x10
 259 0010 17       		.uleb128 0x17
 260 0011 00       		.byte	0
 261 0012 00       		.byte	0
 262 0013 02       		.uleb128 0x2
 263 0014 24       		.uleb128 0x24
 264 0015 00       		.byte	0
 265 0016 0B       		.uleb128 0xb
 266 0017 0B       		.uleb128 0xb
 267 0018 3E       		.uleb128 0x3e
 268 0019 0B       		.uleb128 0xb
 269 001a 03       		.uleb128 0x3
 270 001b 0E       		.uleb128 0xe
 271 001c 00       		.byte	0
 272 001d 00       		.byte	0
 273 001e 03       		.uleb128 0x3
 274 001f 16       		.uleb128 0x16
 275 0020 00       		.byte	0
 276 0021 03       		.uleb128 0x3
 277 0022 0E       		.uleb128 0xe
 278 0023 3A       		.uleb128 0x3a
 279 0024 0B       		.uleb128 0xb
 280 0025 3B       		.uleb128 0x3b
 281 0026 0B       		.uleb128 0xb
 282 0027 49       		.uleb128 0x49
 283 0028 13       		.uleb128 0x13
 284 0029 00       		.byte	0
 285 002a 00       		.byte	0
 286 002b 04       		.uleb128 0x4
 287 002c 24       		.uleb128 0x24
 288 002d 00       		.byte	0
 289 002e 0B       		.uleb128 0xb
 290 002f 0B       		.uleb128 0xb
 291 0030 3E       		.uleb128 0x3e
 292 0031 0B       		.uleb128 0xb
 293 0032 03       		.uleb128 0x3
 294 0033 08       		.uleb128 0x8
 295 0034 00       		.byte	0
 296 0035 00       		.byte	0
 297 0036 05       		.uleb128 0x5
 298 0037 2E       		.uleb128 0x2e
 299 0038 01       		.byte	0x1
 300 0039 3F       		.uleb128 0x3f
 301 003a 19       		.uleb128 0x19
 302 003b 03       		.uleb128 0x3
 303 003c 0E       		.uleb128 0xe
 304 003d 3A       		.uleb128 0x3a
 305 003e 0B       		.uleb128 0xb
 306 003f 3B       		.uleb128 0x3b
 307 0040 0B       		.uleb128 0xb
 308 0041 27       		.uleb128 0x27
 309 0042 19       		.uleb128 0x19
 310 0043 11       		.uleb128 0x11
 311 0044 01       		.uleb128 0x1
 312 0045 12       		.uleb128 0x12
 313 0046 06       		.uleb128 0x6
ARM GAS  C:\Users\Jesper\AppData\Local\Temp\ccRh7T68.s 			page 7


 314 0047 40       		.uleb128 0x40
 315 0048 18       		.uleb128 0x18
 316 0049 9642     		.uleb128 0x2116
 317 004b 19       		.uleb128 0x19
 318 004c 01       		.uleb128 0x1
 319 004d 13       		.uleb128 0x13
 320 004e 00       		.byte	0
 321 004f 00       		.byte	0
 322 0050 06       		.uleb128 0x6
 323 0051 05       		.uleb128 0x5
 324 0052 00       		.byte	0
 325 0053 03       		.uleb128 0x3
 326 0054 08       		.uleb128 0x8
 327 0055 3A       		.uleb128 0x3a
 328 0056 0B       		.uleb128 0xb
 329 0057 3B       		.uleb128 0x3b
 330 0058 0B       		.uleb128 0xb
 331 0059 49       		.uleb128 0x49
 332 005a 13       		.uleb128 0x13
 333 005b 02       		.uleb128 0x2
 334 005c 17       		.uleb128 0x17
 335 005d 00       		.byte	0
 336 005e 00       		.byte	0
 337 005f 07       		.uleb128 0x7
 338 0060 34       		.uleb128 0x34
 339 0061 00       		.byte	0
 340 0062 03       		.uleb128 0x3
 341 0063 0E       		.uleb128 0xe
 342 0064 3A       		.uleb128 0x3a
 343 0065 0B       		.uleb128 0xb
 344 0066 3B       		.uleb128 0x3b
 345 0067 0B       		.uleb128 0xb
 346 0068 49       		.uleb128 0x49
 347 0069 13       		.uleb128 0x13
 348 006a 02       		.uleb128 0x2
 349 006b 18       		.uleb128 0x18
 350 006c 00       		.byte	0
 351 006d 00       		.byte	0
 352 006e 08       		.uleb128 0x8
 353 006f 898201   		.uleb128 0x4109
 354 0072 01       		.byte	0x1
 355 0073 11       		.uleb128 0x11
 356 0074 01       		.uleb128 0x1
 357 0075 31       		.uleb128 0x31
 358 0076 13       		.uleb128 0x13
 359 0077 01       		.uleb128 0x1
 360 0078 13       		.uleb128 0x13
 361 0079 00       		.byte	0
 362 007a 00       		.byte	0
 363 007b 09       		.uleb128 0x9
 364 007c 8A8201   		.uleb128 0x410a
 365 007f 00       		.byte	0
 366 0080 02       		.uleb128 0x2
 367 0081 18       		.uleb128 0x18
 368 0082 9142     		.uleb128 0x2111
 369 0084 18       		.uleb128 0x18
 370 0085 00       		.byte	0
ARM GAS  C:\Users\Jesper\AppData\Local\Temp\ccRh7T68.s 			page 8


 371 0086 00       		.byte	0
 372 0087 0A       		.uleb128 0xa
 373 0088 898201   		.uleb128 0x4109
 374 008b 01       		.byte	0x1
 375 008c 11       		.uleb128 0x11
 376 008d 01       		.uleb128 0x1
 377 008e 31       		.uleb128 0x31
 378 008f 13       		.uleb128 0x13
 379 0090 00       		.byte	0
 380 0091 00       		.byte	0
 381 0092 0B       		.uleb128 0xb
 382 0093 01       		.uleb128 0x1
 383 0094 01       		.byte	0x1
 384 0095 49       		.uleb128 0x49
 385 0096 13       		.uleb128 0x13
 386 0097 01       		.uleb128 0x1
 387 0098 13       		.uleb128 0x13
 388 0099 00       		.byte	0
 389 009a 00       		.byte	0
 390 009b 0C       		.uleb128 0xc
 391 009c 21       		.uleb128 0x21
 392 009d 00       		.byte	0
 393 009e 49       		.uleb128 0x49
 394 009f 13       		.uleb128 0x13
 395 00a0 2F       		.uleb128 0x2f
 396 00a1 05       		.uleb128 0x5
 397 00a2 00       		.byte	0
 398 00a3 00       		.byte	0
 399 00a4 0D       		.uleb128 0xd
 400 00a5 34       		.uleb128 0x34
 401 00a6 00       		.byte	0
 402 00a7 03       		.uleb128 0x3
 403 00a8 0E       		.uleb128 0xe
 404 00a9 3A       		.uleb128 0x3a
 405 00aa 0B       		.uleb128 0xb
 406 00ab 3B       		.uleb128 0x3b
 407 00ac 05       		.uleb128 0x5
 408 00ad 49       		.uleb128 0x49
 409 00ae 13       		.uleb128 0x13
 410 00af 3F       		.uleb128 0x3f
 411 00b0 19       		.uleb128 0x19
 412 00b1 3C       		.uleb128 0x3c
 413 00b2 19       		.uleb128 0x19
 414 00b3 00       		.byte	0
 415 00b4 00       		.byte	0
 416 00b5 0E       		.uleb128 0xe
 417 00b6 35       		.uleb128 0x35
 418 00b7 00       		.byte	0
 419 00b8 49       		.uleb128 0x49
 420 00b9 13       		.uleb128 0x13
 421 00ba 00       		.byte	0
 422 00bb 00       		.byte	0
 423 00bc 0F       		.uleb128 0xf
 424 00bd 2E       		.uleb128 0x2e
 425 00be 00       		.byte	0
 426 00bf 3F       		.uleb128 0x3f
 427 00c0 19       		.uleb128 0x19
ARM GAS  C:\Users\Jesper\AppData\Local\Temp\ccRh7T68.s 			page 9


 428 00c1 3C       		.uleb128 0x3c
 429 00c2 19       		.uleb128 0x19
 430 00c3 6E       		.uleb128 0x6e
 431 00c4 0E       		.uleb128 0xe
 432 00c5 03       		.uleb128 0x3
 433 00c6 0E       		.uleb128 0xe
 434 00c7 3A       		.uleb128 0x3a
 435 00c8 0B       		.uleb128 0xb
 436 00c9 3B       		.uleb128 0x3b
 437 00ca 0B       		.uleb128 0xb
 438 00cb 00       		.byte	0
 439 00cc 00       		.byte	0
 440 00cd 00       		.byte	0
 441              		.section	.debug_loc,"",%progbits
 442              	.Ldebug_loc0:
 443              	.LLST0:
 444 0000 00000000 		.4byte	.LVL0
 445 0004 09000000 		.4byte	.LVL1-1
 446 0008 0100     		.2byte	0x1
 447 000a 50       		.byte	0x50
 448 000b 09000000 		.4byte	.LVL1-1
 449 000f 2C000000 		.4byte	.LFE64
 450 0013 0600     		.2byte	0x6
 451 0015 F3       		.byte	0xf3
 452 0016 03       		.uleb128 0x3
 453 0017 F5       		.byte	0xf5
 454 0018 00       		.uleb128 0
 455 0019 25       		.uleb128 0x25
 456 001a 9F       		.byte	0x9f
 457 001b 00000000 		.4byte	0
 458 001f 00000000 		.4byte	0
 459              		.section	.debug_aranges,"",%progbits
 460 0000 1C000000 		.4byte	0x1c
 461 0004 0200     		.2byte	0x2
 462 0006 00000000 		.4byte	.Ldebug_info0
 463 000a 04       		.byte	0x4
 464 000b 00       		.byte	0
 465 000c 0000     		.2byte	0
 466 000e 0000     		.2byte	0
 467 0010 00000000 		.4byte	.LFB64
 468 0014 2C000000 		.4byte	.LFE64-.LFB64
 469 0018 00000000 		.4byte	0
 470 001c 00000000 		.4byte	0
 471              		.section	.debug_ranges,"",%progbits
 472              	.Ldebug_ranges0:
 473 0000 00000000 		.4byte	.LFB64
 474 0004 2C000000 		.4byte	.LFE64
 475 0008 00000000 		.4byte	0
 476 000c 00000000 		.4byte	0
 477              		.section	.debug_line,"",%progbits
 478              	.Ldebug_line0:
 479 0000 D8010000 		.section	.debug_str,"MS",%progbits,1
 479      0200C001 
 479      00000201 
 479      FB0E0D00 
 479      01010101 
 480              	.LASF7:
ARM GAS  C:\Users\Jesper\AppData\Local\Temp\ccRh7T68.s 			page 10


 481 0000 6C6F6E67 		.ascii	"long long int\000"
 481      206C6F6E 
 481      6720696E 
 481      7400
 482              	.LASF4:
 483 000e 73686F72 		.ascii	"short unsigned int\000"
 483      7420756E 
 483      7369676E 
 483      65642069 
 483      6E7400
 484              	.LASF9:
 485 0021 756E7369 		.ascii	"unsigned int\000"
 485      676E6564 
 485      20696E74 
 485      00
 486              	.LASF18:
 487 002e 474E5520 		.ascii	"GNU C11 5.4.1 20160609 (release) [ARM/embedded-5-br"
 487      43313120 
 487      352E342E 
 487      31203230 
 487      31363036 
 488 0061 616E6368 		.ascii	"anch revision 237715] -mcpu=cortex-m3 -mthumb -g -O"
 488      20726576 
 488      6973696F 
 488      6E203233 
 488      37373135 
 489 0094 67202D66 		.ascii	"g -ffunction-sections -ffat-lto-objects\000"
 489      66756E63 
 489      74696F6E 
 489      2D736563 
 489      74696F6E 
 490              	.LASF6:
 491 00bc 6C6F6E67 		.ascii	"long unsigned int\000"
 491      20756E73 
 491      69676E65 
 491      6420696E 
 491      7400
 492              	.LASF8:
 493 00ce 6C6F6E67 		.ascii	"long long unsigned int\000"
 493      206C6F6E 
 493      6720756E 
 493      7369676E 
 493      65642069 
 494              	.LASF16:
 495 00e5 736E7072 		.ascii	"snprintf\000"
 495      696E7466 
 495      00
 496              	.LASF17:
 497 00ee 55415254 		.ascii	"UART_1_PutString\000"
 497      5F315F50 
 497      75745374 
 497      72696E67 
 497      00
 498              	.LASF22:
 499 00ff 64697362 		.ascii	"disbuff\000"
 499      75666600 
 500              	.LASF2:
ARM GAS  C:\Users\Jesper\AppData\Local\Temp\ccRh7T68.s 			page 11


 501 0107 756E7369 		.ascii	"unsigned char\000"
 501      676E6564 
 501      20636861 
 501      7200
 502              	.LASF12:
 503 0115 63686172 		.ascii	"char\000"
 503      00
 504              	.LASF5:
 505 011a 6C6F6E67 		.ascii	"long int\000"
 505      20696E74 
 505      00
 506              	.LASF19:
 507 0123 53656E73 		.ascii	"Sensor.c\000"
 507      6F722E63 
 507      00
 508              	.LASF20:
 509 012c 433A5C55 		.ascii	"C:\\Users\\Jesper\\OneDrive - Aarhus universitet\\E"
 509      73657273 
 509      5C4A6573 
 509      7065725C 
 509      4F6E6544 
 510 015b 6C656B74 		.ascii	"lektronik\\3-Semester\\PROJEKT3\\ProjektBIL.cydsn\000"
 510      726F6E69 
 510      6B5C332D 
 510      53656D65 
 510      73746572 
 511              	.LASF15:
 512 018a 646F7562 		.ascii	"double\000"
 512      6C6500
 513              	.LASF21:
 514 0191 77726974 		.ascii	"writesToUART\000"
 514      6573546F 
 514      55415254 
 514      00
 515              	.LASF23:
 516 019e 49544D5F 		.ascii	"ITM_RxBuffer\000"
 516      52784275 
 516      66666572 
 516      00
 517              	.LASF1:
 518 01ab 7369676E 		.ascii	"signed char\000"
 518      65642063 
 518      68617200 
 519              	.LASF10:
 520 01b7 6C6F6E67 		.ascii	"long double\000"
 520      20646F75 
 520      626C6500 
 521              	.LASF13:
 522 01c3 5F5F696E 		.ascii	"__int32_t\000"
 522      7433325F 
 522      7400
 523              	.LASF0:
 524 01cd 666C6F61 		.ascii	"float\000"
 524      7400
 525              	.LASF3:
 526 01d3 73686F72 		.ascii	"short int\000"
 526      7420696E 
ARM GAS  C:\Users\Jesper\AppData\Local\Temp\ccRh7T68.s 			page 12


 526      7400
 527              	.LASF14:
 528 01dd 696E7433 		.ascii	"int32_t\000"
 528      325F7400 
 529              	.LASF11:
 530 01e5 73697A65 		.ascii	"sizetype\000"
 530      74797065 
 530      00
 531              		.ident	"GCC: (GNU Tools for ARM Embedded Processors) 5.4.1 20160609 (release) [ARM/embedded-5-bran
